Started GET "/list_user" for 127.0.0.1 at 2020-12-13 16:06:03 +0700
Processing by UsersController#list_user as HTML
  Rendering users/list_user.html.erb within layouts/application
  [1m[36mUser Load (0.3ms)[0m  [1m[34mSELECT  "users".* FROM "users" LIMIT ? OFFSET ?[0m  [["LIMIT", 6], ["OFFSET", 0]]
  Rendered users/_user.html.erb (0.7ms)
  Rendered users/_user.html.erb (0.3ms)
  Rendered users/list_user.html.erb within layouts/application (4.0ms)
  [1m[36mUser Load (0.5ms)[0m  [1m[34mSELECT  "users".* FROM "users" WHERE "users"."id" = ? ORDER BY "users"."id" ASC LIMIT ?[0m  [["id", 2], ["LIMIT", 1]]
  Rendered shared/_navbar.html.erb (0.7ms)
Completed 200 OK in 83ms (Views: 81.9ms | ActiveRecord: 0.7ms)


Started GET "/" for 127.0.0.1 at 2020-12-13 16:10:42 +0700
  [1m[35m (0.2ms)[0m  [1m[34mSELECT "schema_migrations"."version" FROM "schema_migrations" ORDER BY "schema_migrations"."version" ASC[0m
Processing by PostsController#index as HTML
  [1m[36mUser Load (0.2ms)[0m  [1m[34mSELECT  "users".* FROM "users" WHERE "users"."id" = ? ORDER BY "users"."id" ASC LIMIT ?[0m  [["id", 2], ["LIMIT", 1]]
Completed 500 Internal Server Error in 291ms (ActiveRecord: 1.0ms)


  
NameError (undefined local variable or method `id' for #<PostsController:0x00007fa55e5f6eb8>):
  
app/controllers/posts_controller.rb:6:in `index'
Started GET "/" for 127.0.0.1 at 2020-12-13 16:11:25 +0700
Processing by PostsController#index as HTML
  [1m[36mUser Load (0.1ms)[0m  [1m[34mSELECT  "users".* FROM "users" WHERE "users"."id" = ? ORDER BY "users"."id" ASC LIMIT ?[0m  [["id", 2], ["LIMIT", 1]]
  Rendering posts/index.html.erb within layouts/application
  [1m[36mPost Load (0.4ms)[0m  [1m[34mSELECT  DISTINCT "posts".* FROM "posts" INNER JOIN "users" ON "users"."id" = "posts"."user_id" INNER JOIN "relationships" ON "relationships"."followed_id" = "users"."id" INNER JOIN "users" "followers_users" ON "followers_users"."id" = "relationships"."follower_id" WHERE (relationships.follower_id = NULL or articles.user_id = NULL) ORDER BY created_at desc LIMIT ? OFFSET ?[0m  [["LIMIT", 5], ["OFFSET", 0]]
  Rendered posts/_posts_list.html.erb (20.0ms)
  Rendered posts/index.html.erb within layouts/application (44.7ms)
Completed 500 Internal Server Error in 80ms (ActiveRecord: 1.5ms)


  
ActionView::Template::Error (SQLite3::SQLException: no such column: articles.user_id: SELECT  DISTINCT "posts".* FROM "posts" INNER JOIN "users" ON "users"."id" = "posts"."user_id" INNER JOIN "relationships" ON "relationships"."followed_id" = "users"."id" INNER JOIN "users" "followers_users" ON "followers_users"."id" = "relationships"."follower_id" WHERE (relationships.follower_id = NULL or articles.user_id = NULL) ORDER BY created_at desc LIMIT ? OFFSET ?):
    1: <% @posts.each do |post| %>
    2:   <div class="card mt-3 post">
    3:     <div class="card-header d-flex align-items-center">
    4:       <%= link_to user_path(post.user), class: "no-text-decoration" do %>
  
app/views/posts/_posts_list.html.erb:1:in `_app_views_posts__posts_list_html_erb___2531700531007847339_70174113883380'
app/views/posts/index.html.erb:33:in `_app_views_posts_index_html_erb___3253052671582228083_70174112726780'
Started GET "/" for 127.0.0.1 at 2020-12-13 16:15:27 +0700
Processing by PostsController#index as HTML
  [1m[36mUser Load (0.1ms)[0m  [1m[34mSELECT  "users".* FROM "users" WHERE "users"."id" = ? ORDER BY "users"."id" ASC LIMIT ?[0m  [["id", 2], ["LIMIT", 1]]
  Rendering posts/index.html.erb within layouts/application
  [1m[36mPost Load (0.3ms)[0m  [1m[34mSELECT  DISTINCT "posts".* FROM "posts" INNER JOIN "users" ON "users"."id" = "posts"."user_id" INNER JOIN "relationships" ON "relationships"."followed_id" = "users"."id" INNER JOIN "users" "followers_users" ON "followers_users"."id" = "relationships"."follower_id" WHERE (relationships.follower_id = 2 or posts.user_id = 2) ORDER BY created_at desc LIMIT ? OFFSET ?[0m  [["LIMIT", 5], ["OFFSET", 0]]
  [1m[36mPhoto Load (0.1ms)[0m  [1m[34mSELECT "photos".* FROM "photos" WHERE "photos"."post_id" IN (4, 3, 1)[0m
  [1m[36mUser Load (0.2ms)[0m  [1m[34mSELECT "users".* FROM "users" WHERE "users"."id" = 1[0m
  [1m[36mLike Load (0.1ms)[0m  [1m[34mSELECT "likes".* FROM "likes" WHERE "likes"."post_id" IN (4, 3, 1) ORDER BY "likes"."created_at" DESC[0m
  [1m[36mPost Load (0.1ms)[0m  [1m[34mSELECT  "posts".* FROM "posts" WHERE "posts"."user_id" = ? AND "posts"."id" = ? LIMIT ?[0m  [["user_id", 2], ["id", 4], ["LIMIT", 1]]
  Rendered posts/_photos.html.erb (3.9ms)
  [1m[36mLike Load (0.1ms)[0m  [1m[34mSELECT  "likes".* FROM "likes" WHERE "likes"."user_id" = ? AND "likes"."post_id" = ? LIMIT ?[0m  [["user_id", 2], ["post_id", 4], ["LIMIT", 1]]
  Rendered posts/_like_icon.html.erb (0.4ms)
  [1m[36mBookmark Load (0.1ms)[0m  [1m[34mSELECT  "bookmarks".* FROM "bookmarks" WHERE "bookmarks"."user_id" = ? AND "bookmarks"."post_id" = ? LIMIT ?[0m  [["user_id", 2], ["post_id", 4], ["LIMIT", 1]]
  Rendered posts/_bookmark_icon.html.erb (1.1ms)
  Rendered posts/_like_text.html.erb (0.4ms)
  [1m[36mComment Load (0.1ms)[0m  [1m[34mSELECT "comments".* FROM "comments" WHERE "comments"."post_id" = ? ORDER BY "comments"."created_at" DESC[0m  [["post_id", 4]]
  Rendered posts/_comment_list.html.erb (4.7ms)
  Rendered posts/_comment_form.html.erb (7.7ms)
  [1m[36mPost Load (0.1ms)[0m  [1m[34mSELECT  "posts".* FROM "posts" WHERE "posts"."user_id" = ? AND "posts"."id" = ? LIMIT ?[0m  [["user_id", 2], ["id", 3], ["LIMIT", 1]]
  Rendered posts/_photos.html.erb (2.7ms)
  [1m[36mLike Load (0.1ms)[0m  [1m[34mSELECT  "likes".* FROM "likes" WHERE "likes"."user_id" = ? AND "likes"."post_id" = ? LIMIT ?[0m  [["user_id", 2], ["post_id", 3], ["LIMIT", 1]]
  Rendered posts/_like_icon.html.erb (0.1ms)
  [1m[36mBookmark Load (0.1ms)[0m  [1m[34mSELECT  "bookmarks".* FROM "bookmarks" WHERE "bookmarks"."user_id" = ? AND "bookmarks"."post_id" = ? LIMIT ?[0m  [["user_id", 2], ["post_id", 3], ["LIMIT", 1]]
  Rendered posts/_bookmark_icon.html.erb (0.1ms)
  Rendered posts/_like_text.html.erb (0.0ms)
  [1m[36mComment Load (0.1ms)[0m  [1m[34mSELECT "comments".* FROM "comments" WHERE "comments"."post_id" = ? ORDER BY "comments"."created_at" DESC[0m  [["post_id", 3]]
  Rendered posts/_comment_list.html.erb (0.9ms)
  Rendered posts/_comment_form.html.erb (0.4ms)
  [1m[36mPost Load (0.1ms)[0m  [1m[34mSELECT  "posts".* FROM "posts" WHERE "posts"."user_id" = ? AND "posts"."id" = ? LIMIT ?[0m  [["user_id", 2], ["id", 1], ["LIMIT", 1]]
  Rendered posts/_photos.html.erb (1.1ms)
  [1m[36mLike Load (0.1ms)[0m  [1m[34mSELECT  "likes".* FROM "likes" WHERE "likes"."user_id" = ? AND "likes"."post_id" = ? LIMIT ?[0m  [["user_id", 2], ["post_id", 1], ["LIMIT", 1]]
  Rendered posts/_like_icon.html.erb (0.2ms)
  [1m[36mBookmark Load (0.1ms)[0m  [1m[34mSELECT  "bookmarks".* FROM "bookmarks" WHERE "bookmarks"."user_id" = ? AND "bookmarks"."post_id" = ? LIMIT ?[0m  [["user_id", 2], ["post_id", 1], ["LIMIT", 1]]
  Rendered posts/_bookmark_icon.html.erb (0.1ms)
  [1m[36mUser Load (0.1ms)[0m  [1m[34mSELECT  "users".* FROM "users" WHERE "users"."id" = ? LIMIT ?[0m  [["id", 2], ["LIMIT", 1]]
  Rendered posts/_like_text.html.erb (1.8ms)
  [1m[36mComment Load (0.2ms)[0m  [1m[34mSELECT "comments".* FROM "comments" WHERE "comments"."post_id" = ? ORDER BY "comments"."created_at" DESC[0m  [["post_id", 1]]
  Rendered posts/_comment_list.html.erb (1.7ms)
  Rendered posts/_comment_form.html.erb (0.4ms)
  Rendered posts/_posts_list.html.erb (120.2ms)
  Rendered posts/index.html.erb within layouts/application (122.4ms)
  Rendered shared/_navbar.html.erb (1.1ms)
Completed 200 OK in 507ms (Views: 479.9ms | ActiveRecord: 5.2ms)


Started GET "/list_user" for 127.0.0.1 at 2020-12-13 16:15:35 +0700
Processing by UsersController#list_user as HTML
  Rendering users/list_user.html.erb within layouts/application
  [1m[36mUser Load (0.3ms)[0m  [1m[34mSELECT  "users".* FROM "users" LIMIT ? OFFSET ?[0m  [["LIMIT", 6], ["OFFSET", 0]]
  Rendered users/_user.html.erb (1.4ms)
  Rendered users/_user.html.erb (0.4ms)
  Rendered users/list_user.html.erb within layouts/application (9.2ms)
  [1m[36mUser Load (0.2ms)[0m  [1m[34mSELECT  "users".* FROM "users" WHERE "users"."id" = ? ORDER BY "users"."id" ASC LIMIT ?[0m  [["id", 2], ["LIMIT", 1]]
  Rendered shared/_navbar.html.erb (1.1ms)
Completed 200 OK in 76ms (Views: 74.5ms | ActiveRecord: 0.5ms)


Started GET "/users/2" for 127.0.0.1 at 2020-12-13 16:15:37 +0700
Processing by UsersController#show as HTML
  Parameters: {"id"=>"2"}
  [1m[36mUser Load (0.1ms)[0m  [1m[34mSELECT  "users".* FROM "users" WHERE "users"."id" = ? LIMIT ?[0m  [["id", 2], ["LIMIT", 1]]
  [1m[36mUser Load (0.2ms)[0m  [1m[34mSELECT  "users".* FROM "users" WHERE "users"."id" = ? ORDER BY "users"."id" ASC LIMIT ?[0m  [["id", 2], ["LIMIT", 1]]
  Rendering users/show.html.erb within layouts/application
  [1m[35m (0.2ms)[0m  [1m[34mSELECT COUNT(*) FROM "users" INNER JOIN "relationships" ON "users"."id" = "relationships"."followed_id" WHERE "relationships"."follower_id" = ?[0m  [["follower_id", 2]]
  [1m[35m (0.2ms)[0m  [1m[34mSELECT COUNT(*) FROM "users" INNER JOIN "relationships" ON "users"."id" = "relationships"."follower_id" WHERE "relationships"."followed_id" = ?[0m  [["followed_id", 2]]
  Rendered shared/_stats.html.erb (8.1ms)
  Rendered users/_follow_form.html.erb (0.5ms)
  [1m[36mPost Load (0.2ms)[0m  [1m[34mSELECT "posts".* FROM "posts" WHERE "posts"."user_id" = ?[0m  [["user_id", 2]]
  [1m[36mPhoto Load (0.2ms)[0m  [1m[34mSELECT "photos".* FROM "photos" WHERE "photos"."post_id" = 2[0m
  [1m[36mLike Load (0.2ms)[0m  [1m[34mSELECT "likes".* FROM "likes" WHERE "likes"."post_id" = 2 ORDER BY "likes"."created_at" DESC[0m
  [1m[36mComment Load (0.1ms)[0m  [1m[34mSELECT "comments".* FROM "comments" WHERE "comments"."post_id" = 2 ORDER BY "comments"."created_at" DESC[0m
  Rendered users/_post.html.erb (6.1ms)
  [1m[36mPost Load (0.2ms)[0m  [1m[34mSELECT "posts".* FROM "posts" INNER JOIN "bookmarks" ON "bookmarks"."post_id" = "posts"."id" WHERE (bookmarks.user_id = 2)[0m
  [1m[36mPhoto Load (0.2ms)[0m  [1m[34mSELECT "photos".* FROM "photos" WHERE "photos"."post_id" IN (4, 1)[0m
  [1m[36mLike Load (0.1ms)[0m  [1m[34mSELECT "likes".* FROM "likes" WHERE "likes"."post_id" IN (4, 1) ORDER BY "likes"."created_at" DESC[0m
  [1m[36mComment Load (0.1ms)[0m  [1m[34mSELECT "comments".* FROM "comments" WHERE "comments"."post_id" IN (4, 1) ORDER BY "comments"."created_at" DESC[0m
  Rendered users/_post.html.erb (5.2ms)
  Rendered users/show.html.erb within layouts/application (26.1ms)
  Rendered shared/_navbar.html.erb (1.3ms)
Completed 200 OK in 91ms (Views: 84.7ms | ActiveRecord: 2.1ms)


Started GET "/list_user" for 127.0.0.1 at 2020-12-13 16:15:40 +0700
Processing by UsersController#list_user as HTML
  Rendering users/list_user.html.erb within layouts/application
  [1m[36mUser Load (0.2ms)[0m  [1m[34mSELECT  "users".* FROM "users" LIMIT ? OFFSET ?[0m  [["LIMIT", 6], ["OFFSET", 0]]
  Rendered users/_user.html.erb (0.6ms)
  Rendered users/_user.html.erb (0.3ms)
  Rendered users/list_user.html.erb within layouts/application (3.0ms)
  [1m[36mUser Load (0.2ms)[0m  [1m[34mSELECT  "users".* FROM "users" WHERE "users"."id" = ? ORDER BY "users"."id" ASC LIMIT ?[0m  [["id", 2], ["LIMIT", 1]]
  Rendered shared/_navbar.html.erb (0.7ms)
Completed 200 OK in 41ms (Views: 39.8ms | ActiveRecord: 0.4ms)


Started GET "/users/1" for 127.0.0.1 at 2020-12-13 16:15:41 +0700
Processing by UsersController#show as HTML
  Parameters: {"id"=>"1"}
  [1m[36mUser Load (0.2ms)[0m  [1m[34mSELECT  "users".* FROM "users" WHERE "users"."id" = ? LIMIT ?[0m  [["id", 1], ["LIMIT", 1]]
  [1m[36mUser Load (0.2ms)[0m  [1m[34mSELECT  "users".* FROM "users" WHERE "users"."id" = ? ORDER BY "users"."id" ASC LIMIT ?[0m  [["id", 2], ["LIMIT", 1]]
  Rendering users/show.html.erb within layouts/application
  [1m[35m (0.1ms)[0m  [1m[34mSELECT COUNT(*) FROM "users" INNER JOIN "relationships" ON "users"."id" = "relationships"."followed_id" WHERE "relationships"."follower_id" = ?[0m  [["follower_id", 1]]
  [1m[35m (0.2ms)[0m  [1m[34mSELECT COUNT(*) FROM "users" INNER JOIN "relationships" ON "users"."id" = "relationships"."follower_id" WHERE "relationships"."followed_id" = ?[0m  [["followed_id", 1]]
  Rendered shared/_stats.html.erb (2.7ms)
  [1m[36mUser Exists (0.2ms)[0m  [1m[34mSELECT  1 AS one FROM "users" INNER JOIN "relationships" ON "users"."id" = "relationships"."followed_id" WHERE "relationships"."follower_id" = ? AND "users"."id" = ? LIMIT ?[0m  [["follower_id", 2], ["id", 1], ["LIMIT", 1]]
  [1m[36mRelationship Load (0.1ms)[0m  [1m[34mSELECT  "relationships".* FROM "relationships" WHERE "relationships"."follower_id" = ? AND "relationships"."followed_id" = ? LIMIT ?[0m  [["follower_id", 2], ["followed_id", 1], ["LIMIT", 1]]
  Rendered users/_unfollow.html.erb (6.8ms)
  Rendered users/_follow_form.html.erb (11.3ms)
  [1m[36mPost Load (0.2ms)[0m  [1m[34mSELECT "posts".* FROM "posts" WHERE "posts"."user_id" = ?[0m  [["user_id", 1]]
  [1m[36mPhoto Load (0.3ms)[0m  [1m[34mSELECT "photos".* FROM "photos" WHERE "photos"."post_id" IN (1, 3, 4)[0m
  [1m[36mLike Load (0.2ms)[0m  [1m[34mSELECT "likes".* FROM "likes" WHERE "likes"."post_id" IN (1, 3, 4) ORDER BY "likes"."created_at" DESC[0m
  [1m[36mComment Load (0.1ms)[0m  [1m[34mSELECT "comments".* FROM "comments" WHERE "comments"."post_id" IN (1, 3, 4) ORDER BY "comments"."created_at" DESC[0m
  Rendered users/_post.html.erb (7.2ms)
  Rendered users/show.html.erb within layouts/application (23.8ms)
  Rendered shared/_navbar.html.erb (0.7ms)
Completed 200 OK in 65ms (Views: 59.7ms | ActiveRecord: 2.2ms)


Started DELETE "/relationships/1" for 127.0.0.1 at 2020-12-13 16:15:42 +0700
Processing by RelationshipsController#destroy as HTML
  Parameters: {"utf8"=>"✓", "authenticity_token"=>"sYA+kVCBRN2itkWO4xKCWe1ehSLF63Hz2d8/N7JrLmztBLoroBVrAxeQE/CxSQbWJdUr8IG+0Idzu9QKZjno+w==", "commit"=>"Unfollow", "id"=>"1"}
  [1m[36mUser Load (0.2ms)[0m  [1m[34mSELECT  "users".* FROM "users" WHERE "users"."id" = ? ORDER BY "users"."id" ASC LIMIT ?[0m  [["id", 2], ["LIMIT", 1]]
  [1m[36mRelationship Load (0.2ms)[0m  [1m[34mSELECT  "relationships".* FROM "relationships" WHERE "relationships"."id" = ? LIMIT ?[0m  [["id", 1], ["LIMIT", 1]]
  [1m[36mUser Load (0.1ms)[0m  [1m[34mSELECT  "users".* FROM "users" WHERE "users"."id" = ? LIMIT ?[0m  [["id", 1], ["LIMIT", 1]]
  [1m[35m (0.0ms)[0m  [1m[36mbegin transaction[0m
  [1m[35mSQL (0.5ms)[0m  [1m[31mDELETE FROM "relationships" WHERE "relationships"."follower_id" = ? AND "relationships"."followed_id" = 1[0m  [["follower_id", 2]]
  [1m[35m (0.7ms)[0m  [1m[36mcommit transaction[0m
Redirected to http://localhost:3000/users/1
Completed 302 Found in 7ms (ActiveRecord: 1.7ms)


Started GET "/users/1" for 127.0.0.1 at 2020-12-13 16:15:42 +0700
Processing by UsersController#show as HTML
  Parameters: {"id"=>"1"}
  [1m[36mUser Load (0.1ms)[0m  [1m[34mSELECT  "users".* FROM "users" WHERE "users"."id" = ? LIMIT ?[0m  [["id", 1], ["LIMIT", 1]]
  [1m[36mUser Load (0.3ms)[0m  [1m[34mSELECT  "users".* FROM "users" WHERE "users"."id" = ? ORDER BY "users"."id" ASC LIMIT ?[0m  [["id", 2], ["LIMIT", 1]]
  Rendering users/show.html.erb within layouts/application
  [1m[35m (0.1ms)[0m  [1m[34mSELECT COUNT(*) FROM "users" INNER JOIN "relationships" ON "users"."id" = "relationships"."followed_id" WHERE "relationships"."follower_id" = ?[0m  [["follower_id", 1]]
  [1m[35m (0.2ms)[0m  [1m[34mSELECT COUNT(*) FROM "users" INNER JOIN "relationships" ON "users"."id" = "relationships"."follower_id" WHERE "relationships"."followed_id" = ?[0m  [["followed_id", 1]]
  Rendered shared/_stats.html.erb (2.8ms)
  [1m[36mUser Exists (0.2ms)[0m  [1m[34mSELECT  1 AS one FROM "users" INNER JOIN "relationships" ON "users"."id" = "relationships"."followed_id" WHERE "relationships"."follower_id" = ? AND "users"."id" = ? LIMIT ?[0m  [["follower_id", 2], ["id", 1], ["LIMIT", 1]]
  Rendered users/_follow.html.erb (1.3ms)
  Rendered users/_follow_form.html.erb (4.6ms)
  [1m[36mPost Load (0.2ms)[0m  [1m[34mSELECT "posts".* FROM "posts" WHERE "posts"."user_id" = ?[0m  [["user_id", 1]]
  [1m[36mPhoto Load (0.6ms)[0m  [1m[34mSELECT "photos".* FROM "photos" WHERE "photos"."post_id" IN (1, 3, 4)[0m
  [1m[36mLike Load (0.2ms)[0m  [1m[34mSELECT "likes".* FROM "likes" WHERE "likes"."post_id" IN (1, 3, 4) ORDER BY "likes"."created_at" DESC[0m
  [1m[36mComment Load (0.2ms)[0m  [1m[34mSELECT "comments".* FROM "comments" WHERE "comments"."post_id" IN (1, 3, 4) ORDER BY "comments"."created_at" DESC[0m
  Rendered users/_post.html.erb (7.9ms)
  Rendered users/show.html.erb within layouts/application (18.4ms)
  Rendered shared/_navbar.html.erb (0.7ms)
Completed 200 OK in 81ms (Views: 77.1ms | ActiveRecord: 2.2ms)


Started GET "/" for 127.0.0.1 at 2020-12-13 16:15:44 +0700
Processing by PostsController#index as HTML
  [1m[36mUser Load (0.3ms)[0m  [1m[34mSELECT  "users".* FROM "users" WHERE "users"."id" = ? ORDER BY "users"."id" ASC LIMIT ?[0m  [["id", 2], ["LIMIT", 1]]
  Rendering posts/index.html.erb within layouts/application
  [1m[36mPost Load (0.2ms)[0m  [1m[34mSELECT  DISTINCT "posts".* FROM "posts" INNER JOIN "users" ON "users"."id" = "posts"."user_id" INNER JOIN "relationships" ON "relationships"."followed_id" = "users"."id" INNER JOIN "users" "followers_users" ON "followers_users"."id" = "relationships"."follower_id" WHERE (relationships.follower_id = 2 or posts.user_id = 2) ORDER BY created_at desc LIMIT ? OFFSET ?[0m  [["LIMIT", 5], ["OFFSET", 0]]
  Rendered posts/_posts_list.html.erb (1.6ms)
  Rendered posts/index.html.erb within layouts/application (3.3ms)
  Rendered shared/_navbar.html.erb (0.7ms)
Completed 200 OK in 45ms (Views: 41.6ms | ActiveRecord: 0.5ms)


Started GET "/users/2" for 127.0.0.1 at 2020-12-13 16:15:46 +0700
Processing by UsersController#show as HTML
  Parameters: {"id"=>"2"}
  [1m[36mUser Load (0.2ms)[0m  [1m[34mSELECT  "users".* FROM "users" WHERE "users"."id" = ? LIMIT ?[0m  [["id", 2], ["LIMIT", 1]]
  [1m[36mUser Load (0.2ms)[0m  [1m[34mSELECT  "users".* FROM "users" WHERE "users"."id" = ? ORDER BY "users"."id" ASC LIMIT ?[0m  [["id", 2], ["LIMIT", 1]]
  Rendering users/show.html.erb within layouts/application
  [1m[35m (0.2ms)[0m  [1m[34mSELECT COUNT(*) FROM "users" INNER JOIN "relationships" ON "users"."id" = "relationships"."followed_id" WHERE "relationships"."follower_id" = ?[0m  [["follower_id", 2]]
  [1m[35m (0.1ms)[0m  [1m[34mSELECT COUNT(*) FROM "users" INNER JOIN "relationships" ON "users"."id" = "relationships"."follower_id" WHERE "relationships"."followed_id" = ?[0m  [["followed_id", 2]]
  Rendered shared/_stats.html.erb (3.2ms)
  Rendered users/_follow_form.html.erb (0.3ms)
  [1m[36mPost Load (0.1ms)[0m  [1m[34mSELECT "posts".* FROM "posts" WHERE "posts"."user_id" = ?[0m  [["user_id", 2]]
  [1m[36mPhoto Load (0.2ms)[0m  [1m[34mSELECT "photos".* FROM "photos" WHERE "photos"."post_id" = 2[0m
  [1m[36mLike Load (0.2ms)[0m  [1m[34mSELECT "likes".* FROM "likes" WHERE "likes"."post_id" = 2 ORDER BY "likes"."created_at" DESC[0m
  [1m[36mComment Load (0.1ms)[0m  [1m[34mSELECT "comments".* FROM "comments" WHERE "comments"."post_id" = 2 ORDER BY "comments"."created_at" DESC[0m
  Rendered users/_post.html.erb (4.3ms)
  [1m[36mPost Load (0.1ms)[0m  [1m[34mSELECT "posts".* FROM "posts" INNER JOIN "bookmarks" ON "bookmarks"."post_id" = "posts"."id" WHERE (bookmarks.user_id = 2)[0m
  [1m[36mPhoto Load (0.1ms)[0m  [1m[34mSELECT "photos".* FROM "photos" WHERE "photos"."post_id" IN (4, 1)[0m
  [1m[36mLike Load (0.1ms)[0m  [1m[34mSELECT "likes".* FROM "likes" WHERE "likes"."post_id" IN (4, 1) ORDER BY "likes"."created_at" DESC[0m
  [1m[36mComment Load (0.1ms)[0m  [1m[34mSELECT "comments".* FROM "comments" WHERE "comments"."post_id" IN (4, 1) ORDER BY "comments"."created_at" DESC[0m
  Rendered users/_post.html.erb (3.9ms)
  Rendered users/show.html.erb within layouts/application (14.8ms)
  Rendered shared/_navbar.html.erb (0.8ms)
Completed 200 OK in 52ms (Views: 47.7ms | ActiveRecord: 2.0ms)


Started GET "/" for 127.0.0.1 at 2020-12-13 16:15:55 +0700
Processing by PostsController#index as HTML
  [1m[36mUser Load (0.2ms)[0m  [1m[34mSELECT  "users".* FROM "users" WHERE "users"."id" = ? ORDER BY "users"."id" ASC LIMIT ?[0m  [["id", 2], ["LIMIT", 1]]
  Rendering posts/index.html.erb within layouts/application
  [1m[36mPost Load (0.2ms)[0m  [1m[34mSELECT  DISTINCT "posts".* FROM "posts" INNER JOIN "users" ON "users"."id" = "posts"."user_id" INNER JOIN "relationships" ON "relationships"."followed_id" = "users"."id" INNER JOIN "users" "followers_users" ON "followers_users"."id" = "relationships"."follower_id" WHERE (relationships.follower_id = 2 or posts.user_id = 2) ORDER BY created_at desc LIMIT ? OFFSET ?[0m  [["LIMIT", 5], ["OFFSET", 0]]
  Rendered posts/_posts_list.html.erb (1.7ms)
  Rendered posts/index.html.erb within layouts/application (3.8ms)
  Rendered shared/_navbar.html.erb (0.9ms)
Completed 200 OK in 41ms (Views: 38.1ms | ActiveRecord: 0.5ms)


Started POST "/posts" for 127.0.0.1 at 2020-12-13 16:16:07 +0700
Processing by PostsController#create as JSON
  Parameters: {"utf8"=>"✓", "authenticity_token"=>"7uU4tNj3P+2Tc0ev2dnQN2iE6WhnLv7E7YG4iDESJVuyYbwOKGMQMyZVEdGLglS4oA9HuiN7X7BH5VO15UDjzA==", "post"=>{"content"=>"Nguyen Cong"}, "commit"=>"Post", "images"=>{"0"=>#<ActionDispatch::Http::UploadedFile:0x00007fa564138a38 @tempfile=#<Tempfile:/var/folders/vw/5ll948cn5cb66xk8vtkffrwm0000gn/T/RackMultipart20201213-21685-uh93j9.jpg>, @original_filename="6e6e792d8eb8788f1fcfe8ea2f9acc35.jpg", @content_type="image/jpeg", @headers="Content-Disposition: form-data; name=\"images[0]\"; filename=\"6e6e792d8eb8788f1fcfe8ea2f9acc35.jpg\"\r\nContent-Type: image/jpeg\r\n">, "1"=>#<ActionDispatch::Http::UploadedFile:0x00007fa5641389c0 @tempfile=#<Tempfile:/var/folders/vw/5ll948cn5cb66xk8vtkffrwm0000gn/T/RackMultipart20201213-21685-leylgr.jpg>, @original_filename="41dde8a281e168bf31f0.jpg", @content_type="image/jpeg", @headers="Content-Disposition: form-data; name=\"images[1]\"; filename=\"41dde8a281e168bf31f0.jpg\"\r\nContent-Type: image/jpeg\r\n">, "2"=>#<ActionDispatch::Http::UploadedFile:0x00007fa564138948 @tempfile=#<Tempfile:/var/folders/vw/5ll948cn5cb66xk8vtkffrwm0000gn/T/RackMultipart20201213-21685-18nrooq.jpeg>, @original_filename="google-photos-colorize_800x450.jpeg", @content_type="image/jpeg", @headers="Content-Disposition: form-data; name=\"images[2]\"; filename=\"google-photos-colorize_800x450.jpeg\"\r\nContent-Type: image/jpeg\r\n">}}
  [1m[36mUser Load (0.3ms)[0m  [1m[34mSELECT  "users".* FROM "users" WHERE "users"."id" = ? ORDER BY "users"."id" ASC LIMIT ?[0m  [["id", 2], ["LIMIT", 1]]
  [1m[35m (0.0ms)[0m  [1m[36mbegin transaction[0m
  [1m[35mSQL (0.4ms)[0m  [1m[32mINSERT INTO "posts" ("content", "user_id", "created_at", "updated_at") VALUES (?, ?, ?, ?)[0m  [["content", "Nguyen Cong"], ["user_id", 2], ["created_at", "2020-12-13 09:16:07.595548"], ["updated_at", "2020-12-13 09:16:07.595548"]]
  [1m[35m (1.3ms)[0m  [1m[36mcommit transaction[0m
  [1m[35m (0.1ms)[0m  [1m[36mbegin transaction[0m
  [1m[35mSQL (0.4ms)[0m  [1m[32mINSERT INTO "photos" ("image", "post_id", "created_at", "updated_at") VALUES (?, ?, ?, ?)[0m  [["image", "ewtkkcue53zleanov63h.png"], ["post_id", 5], ["created_at", "2020-12-13 09:16:07.602045"], ["updated_at", "2020-12-13 09:16:07.602045"]]
  [1m[35mSQL (0.2ms)[0m  [1m[33mUPDATE "photos" SET "image" = 'image/upload/v1607850970/ewtkkcue53zleanov63h.png' WHERE "photos"."id" = ?[0m  [["id", 10]]
  [1m[35m (1.3ms)[0m  [1m[36mcommit transaction[0m
  [1m[35m (0.0ms)[0m  [1m[36mbegin transaction[0m
  [1m[35mSQL (0.5ms)[0m  [1m[32mINSERT INTO "photos" ("image", "post_id", "created_at", "updated_at") VALUES (?, ?, ?, ?)[0m  [["image", "wyzzmlntsxgj2kr9kxtf.png"], ["post_id", 5], ["created_at", "2020-12-13 09:16:11.557181"], ["updated_at", "2020-12-13 09:16:11.557181"]]
  [1m[35mSQL (0.1ms)[0m  [1m[33mUPDATE "photos" SET "image" = 'image/upload/v1607850973/wyzzmlntsxgj2kr9kxtf.png' WHERE "photos"."id" = ?[0m  [["id", 11]]
  [1m[35m (1.2ms)[0m  [1m[36mcommit transaction[0m
  [1m[35m (0.1ms)[0m  [1m[36mbegin transaction[0m
  [1m[35mSQL (0.5ms)[0m  [1m[32mINSERT INTO "photos" ("image", "post_id", "created_at", "updated_at") VALUES (?, ?, ?, ?)[0m  [["image", "dpyqiuspup9y8i2g6bpm.png"], ["post_id", 5], ["created_at", "2020-12-13 09:16:18.313552"], ["updated_at", "2020-12-13 09:16:18.313552"]]
  [1m[35mSQL (0.1ms)[0m  [1m[33mUPDATE "photos" SET "image" = 'image/upload/v1607850979/dpyqiuspup9y8i2g6bpm.png' WHERE "photos"."id" = ?[0m  [["id", 12]]
  [1m[35m (2.5ms)[0m  [1m[36mcommit transaction[0m
Redirected to http://localhost:3000/posts
Completed 200 OK in 12664ms (ActiveRecord: 9.1ms)


Started GET "/" for 127.0.0.1 at 2020-12-13 16:16:20 +0700
Processing by PostsController#index as HTML
  [1m[36mUser Load (0.4ms)[0m  [1m[34mSELECT  "users".* FROM "users" WHERE "users"."id" = ? ORDER BY "users"."id" ASC LIMIT ?[0m  [["id", 2], ["LIMIT", 1]]
  Rendering posts/index.html.erb within layouts/application
  [1m[36mPost Load (0.4ms)[0m  [1m[34mSELECT  DISTINCT "posts".* FROM "posts" INNER JOIN "users" ON "users"."id" = "posts"."user_id" INNER JOIN "relationships" ON "relationships"."followed_id" = "users"."id" INNER JOIN "users" "followers_users" ON "followers_users"."id" = "relationships"."follower_id" WHERE (relationships.follower_id = 2 or posts.user_id = 2) ORDER BY created_at desc LIMIT ? OFFSET ?[0m  [["LIMIT", 5], ["OFFSET", 0]]
  Rendered posts/_posts_list.html.erb (5.5ms)
  Rendered posts/index.html.erb within layouts/application (12.0ms)
  Rendered shared/_navbar.html.erb (0.8ms)
Completed 200 OK in 68ms (Views: 64.2ms | ActiveRecord: 0.8ms)


Started GET "/" for 127.0.0.1 at 2020-12-13 16:19:09 +0700
Processing by PostsController#index as HTML
  [1m[36mUser Load (0.4ms)[0m  [1m[34mSELECT  "users".* FROM "users" WHERE "users"."id" = ? ORDER BY "users"."id" ASC LIMIT ?[0m  [["id", 2], ["LIMIT", 1]]
  Rendering posts/index.html.erb within layouts/application
  [1m[36mPost Load (0.2ms)[0m  [1m[34mSELECT  DISTINCT "posts".* FROM "posts" INNER JOIN "users" ON "users"."id" = "posts"."user_id" INNER JOIN "relationships" ON "relationships"."followed_id" = "users"."id" INNER JOIN "users" "followers_users" ON "followers_users"."id" = "relationships"."follower_id" WHERE (relationships.follower_id = 2 or posts.user_id = 2) ORDER BY created_at desc LIMIT ? OFFSET ?[0m  [["LIMIT", 5], ["OFFSET", 0]]
  Rendered posts/_posts_list.html.erb (1.5ms)
  Rendered posts/index.html.erb within layouts/application (3.2ms)
  Rendered shared/_navbar.html.erb (1.2ms)
Completed 200 OK in 88ms (Views: 85.0ms | ActiveRecord: 0.6ms)


Started GET "/users/2" for 127.0.0.1 at 2020-12-13 16:19:11 +0700
Processing by UsersController#show as HTML
  Parameters: {"id"=>"2"}
  [1m[36mUser Load (0.2ms)[0m  [1m[34mSELECT  "users".* FROM "users" WHERE "users"."id" = ? LIMIT ?[0m  [["id", 2], ["LIMIT", 1]]
  [1m[36mUser Load (0.8ms)[0m  [1m[34mSELECT  "users".* FROM "users" WHERE "users"."id" = ? ORDER BY "users"."id" ASC LIMIT ?[0m  [["id", 2], ["LIMIT", 1]]
  Rendering users/show.html.erb within layouts/application
  [1m[35m (0.2ms)[0m  [1m[34mSELECT COUNT(*) FROM "users" INNER JOIN "relationships" ON "users"."id" = "relationships"."followed_id" WHERE "relationships"."follower_id" = ?[0m  [["follower_id", 2]]
  [1m[35m (0.2ms)[0m  [1m[34mSELECT COUNT(*) FROM "users" INNER JOIN "relationships" ON "users"."id" = "relationships"."follower_id" WHERE "relationships"."followed_id" = ?[0m  [["followed_id", 2]]
  Rendered shared/_stats.html.erb (4.7ms)
  Rendered users/_follow_form.html.erb (0.7ms)
  [1m[36mPost Load (0.2ms)[0m  [1m[34mSELECT "posts".* FROM "posts" WHERE "posts"."user_id" = ?[0m  [["user_id", 2]]
  [1m[36mPhoto Load (0.1ms)[0m  [1m[34mSELECT "photos".* FROM "photos" WHERE "photos"."post_id" IN (2, 5)[0m
  [1m[36mLike Load (0.1ms)[0m  [1m[34mSELECT "likes".* FROM "likes" WHERE "likes"."post_id" IN (2, 5) ORDER BY "likes"."created_at" DESC[0m
  [1m[36mComment Load (0.1ms)[0m  [1m[34mSELECT "comments".* FROM "comments" WHERE "comments"."post_id" IN (2, 5) ORDER BY "comments"."created_at" DESC[0m
  Rendered users/_post.html.erb (4.2ms)
  [1m[36mPost Load (0.2ms)[0m  [1m[34mSELECT "posts".* FROM "posts" INNER JOIN "bookmarks" ON "bookmarks"."post_id" = "posts"."id" WHERE (bookmarks.user_id = 2)[0m
  [1m[36mPhoto Load (0.2ms)[0m  [1m[34mSELECT "photos".* FROM "photos" WHERE "photos"."post_id" IN (4, 1)[0m
  [1m[36mLike Load (0.2ms)[0m  [1m[34mSELECT "likes".* FROM "likes" WHERE "likes"."post_id" IN (4, 1) ORDER BY "likes"."created_at" DESC[0m
  [1m[36mComment Load (0.1ms)[0m  [1m[34mSELECT "comments".* FROM "comments" WHERE "comments"."post_id" IN (4, 1) ORDER BY "comments"."created_at" DESC[0m
  Rendered users/_post.html.erb (5.0ms)
  Rendered users/show.html.erb within layouts/application (19.8ms)
  Rendered shared/_navbar.html.erb (0.7ms)
Completed 200 OK in 84ms (Views: 74.9ms | ActiveRecord: 2.7ms)


Started GET "/list_user" for 127.0.0.1 at 2020-12-13 16:19:16 +0700
Processing by UsersController#list_user as HTML
  Rendering users/list_user.html.erb within layouts/application
  [1m[36mUser Load (0.2ms)[0m  [1m[34mSELECT  "users".* FROM "users" LIMIT ? OFFSET ?[0m  [["LIMIT", 6], ["OFFSET", 0]]
  Rendered users/_user.html.erb (1.2ms)
  Rendered users/_user.html.erb (0.3ms)
  Rendered users/list_user.html.erb within layouts/application (4.3ms)
  [1m[36mUser Load (0.3ms)[0m  [1m[34mSELECT  "users".* FROM "users" WHERE "users"."id" = ? ORDER BY "users"."id" ASC LIMIT ?[0m  [["id", 2], ["LIMIT", 1]]
  Rendered shared/_navbar.html.erb (1.1ms)
Completed 200 OK in 48ms (Views: 47.4ms | ActiveRecord: 0.5ms)


Started GET "/users/2" for 127.0.0.1 at 2020-12-13 16:19:17 +0700
Processing by UsersController#show as HTML
  Parameters: {"id"=>"2"}
  [1m[36mUser Load (0.2ms)[0m  [1m[34mSELECT  "users".* FROM "users" WHERE "users"."id" = ? LIMIT ?[0m  [["id", 2], ["LIMIT", 1]]
  [1m[36mUser Load (0.3ms)[0m  [1m[34mSELECT  "users".* FROM "users" WHERE "users"."id" = ? ORDER BY "users"."id" ASC LIMIT ?[0m  [["id", 2], ["LIMIT", 1]]
  Rendering users/show.html.erb within layouts/application
  [1m[35m (0.1ms)[0m  [1m[34mSELECT COUNT(*) FROM "users" INNER JOIN "relationships" ON "users"."id" = "relationships"."followed_id" WHERE "relationships"."follower_id" = ?[0m  [["follower_id", 2]]
  [1m[35m (0.1ms)[0m  [1m[34mSELECT COUNT(*) FROM "users" INNER JOIN "relationships" ON "users"."id" = "relationships"."follower_id" WHERE "relationships"."followed_id" = ?[0m  [["followed_id", 2]]
  Rendered shared/_stats.html.erb (2.3ms)
  Rendered users/_follow_form.html.erb (0.3ms)
  [1m[36mPost Load (0.2ms)[0m  [1m[34mSELECT "posts".* FROM "posts" WHERE "posts"."user_id" = ?[0m  [["user_id", 2]]
  [1m[36mPhoto Load (0.4ms)[0m  [1m[34mSELECT "photos".* FROM "photos" WHERE "photos"."post_id" IN (2, 5)[0m
  [1m[36mLike Load (0.2ms)[0m  [1m[34mSELECT "likes".* FROM "likes" WHERE "likes"."post_id" IN (2, 5) ORDER BY "likes"."created_at" DESC[0m
  [1m[36mComment Load (0.1ms)[0m  [1m[34mSELECT "comments".* FROM "comments" WHERE "comments"."post_id" IN (2, 5) ORDER BY "comments"."created_at" DESC[0m
  Rendered users/_post.html.erb (6.0ms)
  [1m[36mPost Load (0.2ms)[0m  [1m[34mSELECT "posts".* FROM "posts" INNER JOIN "bookmarks" ON "bookmarks"."post_id" = "posts"."id" WHERE (bookmarks.user_id = 2)[0m
  [1m[36mPhoto Load (0.1ms)[0m  [1m[34mSELECT "photos".* FROM "photos" WHERE "photos"."post_id" IN (4, 1)[0m
  [1m[36mLike Load (0.2ms)[0m  [1m[34mSELECT "likes".* FROM "likes" WHERE "likes"."post_id" IN (4, 1) ORDER BY "likes"."created_at" DESC[0m
  [1m[36mComment Load (0.2ms)[0m  [1m[34mSELECT "comments".* FROM "comments" WHERE "comments"."post_id" IN (4, 1) ORDER BY "comments"."created_at" DESC[0m
  Rendered users/_post.html.erb (5.3ms)
  Rendered users/show.html.erb within layouts/application (17.2ms)
  Rendered shared/_navbar.html.erb (0.7ms)
Completed 200 OK in 76ms (Views: 70.5ms | ActiveRecord: 2.3ms)


Started GET "/" for 127.0.0.1 at 2020-12-13 16:19:21 +0700
Processing by PostsController#index as HTML
  [1m[36mUser Load (0.2ms)[0m  [1m[34mSELECT  "users".* FROM "users" WHERE "users"."id" = ? ORDER BY "users"."id" ASC LIMIT ?[0m  [["id", 2], ["LIMIT", 1]]
  Rendering posts/index.html.erb within layouts/application
  [1m[36mPost Load (0.3ms)[0m  [1m[34mSELECT  DISTINCT "posts".* FROM "posts" INNER JOIN "users" ON "users"."id" = "posts"."user_id" INNER JOIN "relationships" ON "relationships"."followed_id" = "users"."id" INNER JOIN "users" "followers_users" ON "followers_users"."id" = "relationships"."follower_id" WHERE (relationships.follower_id = 2 or posts.user_id = 2) ORDER BY created_at desc LIMIT ? OFFSET ?[0m  [["LIMIT", 5], ["OFFSET", 0]]
  Rendered posts/_posts_list.html.erb (2.0ms)
  Rendered posts/index.html.erb within layouts/application (4.0ms)
  Rendered shared/_navbar.html.erb (0.8ms)
Completed 200 OK in 48ms (Views: 45.0ms | ActiveRecord: 0.5ms)


Started GET "/" for 127.0.0.1 at 2020-12-13 16:20:45 +0700
Processing by PostsController#index as HTML
  [1m[36mUser Load (0.1ms)[0m  [1m[34mSELECT  "users".* FROM "users" WHERE "users"."id" = ? ORDER BY "users"."id" ASC LIMIT ?[0m  [["id", 2], ["LIMIT", 1]]
  Rendering posts/index.html.erb within layouts/application
  [1m[36mPost Load (0.2ms)[0m  [1m[34mSELECT  "posts".* FROM "posts" INNER JOIN "users" ON "users"."id" = "posts"."user_id" INNER JOIN "relationships" ON "relationships"."followed_id" = "users"."id" INNER JOIN "users" "followers_users" ON "followers_users"."id" = "relationships"."follower_id" WHERE (relationships.follower_id = 2 or posts.user_id = 2) ORDER BY created_at desc LIMIT ? OFFSET ?[0m  [["LIMIT", 5], ["OFFSET", 0]]
  Rendered posts/_posts_list.html.erb (6.6ms)
  Rendered posts/index.html.erb within layouts/application (8.5ms)
  Rendered shared/_navbar.html.erb (0.7ms)
Completed 200 OK in 69ms (Views: 46.8ms | ActiveRecord: 1.3ms)


Started GET "/" for 127.0.0.1 at 2020-12-13 16:27:45 +0700
Processing by PostsController#index as HTML
  [1m[36mUser Load (0.3ms)[0m  [1m[34mSELECT  "users".* FROM "users" WHERE "users"."id" = ? ORDER BY "users"."id" ASC LIMIT ?[0m  [["id", 2], ["LIMIT", 1]]
Completed 500 Internal Server Error in 25ms (ActiveRecord: 1.7ms)


  
NoMethodError (undefined method `feed' for #<Class:0x00007fa55c3ecd18>):
  
app/controllers/posts_controller.rb:6:in `index'
Started GET "/" for 127.0.0.1 at 2020-12-13 16:28:14 +0700
  [1m[35m (0.2ms)[0m  [1m[34mSELECT "schema_migrations"."version" FROM "schema_migrations" ORDER BY "schema_migrations"."version" ASC[0m
Processing by PostsController#index as HTML
  [1m[36mUser Load (0.1ms)[0m  [1m[34mSELECT  "users".* FROM "users" WHERE "users"."id" = ? ORDER BY "users"."id" ASC LIMIT ?[0m  [["id", 2], ["LIMIT", 1]]
Completed 500 Internal Server Error in 32ms (ActiveRecord: 0.6ms)


  
NoMethodError (undefined method `feed' for #<Class:0x00007f913b3643f8>):
  
app/controllers/posts_controller.rb:6:in `index'
Started GET "/" for 127.0.0.1 at 2020-12-13 16:28:16 +0700
Processing by PostsController#index as HTML
  [1m[36mUser Load (0.3ms)[0m  [1m[34mSELECT  "users".* FROM "users" WHERE "users"."id" = ? ORDER BY "users"."id" ASC LIMIT ?[0m  [["id", 2], ["LIMIT", 1]]
Completed 500 Internal Server Error in 5ms (ActiveRecord: 0.3ms)


  
NoMethodError (undefined method `feed' for #<Class:0x00007f913b3643f8>):
  
app/controllers/posts_controller.rb:6:in `index'
Started GET "/" for 127.0.0.1 at 2020-12-13 16:29:45 +0700
Processing by PostsController#index as HTML
  [1m[36mUser Load (0.1ms)[0m  [1m[34mSELECT  "users".* FROM "users" WHERE "users"."id" = ? ORDER BY "users"."id" ASC LIMIT ?[0m  [["id", 2], ["LIMIT", 1]]
Completed 500 Internal Server Error in 189ms (ActiveRecord: 0.8ms)


  
NameError (undefined local variable or method `feed' for #<PostsController:0x00007f913b366040>):
  
app/controllers/posts_controller.rb:6:in `index'
Started GET "/" for 127.0.0.1 at 2020-12-13 16:30:04 +0700
Processing by PostsController#index as HTML
  [1m[36mUser Load (0.1ms)[0m  [1m[34mSELECT  "users".* FROM "users" WHERE "users"."id" = ? ORDER BY "users"."id" ASC LIMIT ?[0m  [["id", 2], ["LIMIT", 1]]
Completed 500 Internal Server Error in 39ms (ActiveRecord: 0.9ms)


  
NoMethodError (undefined method `feed' for #<Class:0x00007f913b23e0f0>):
  
app/controllers/posts_controller.rb:6:in `index'
Started GET "/" for 127.0.0.1 at 2020-12-13 16:30:11 +0700
Processing by PostsController#index as HTML
  [1m[36mUser Load (0.1ms)[0m  [1m[34mSELECT  "users".* FROM "users" WHERE "users"."id" = ? ORDER BY "users"."id" ASC LIMIT ?[0m  [["id", 2], ["LIMIT", 1]]
  Rendering posts/index.html.erb within layouts/application
  [1m[36mPost Load (0.2ms)[0m  [1m[34mSELECT  "posts".* FROM "posts" ORDER BY created_at desc LIMIT ? OFFSET ?[0m  [["LIMIT", 5], ["OFFSET", 0]]
  [1m[36mPhoto Load (0.1ms)[0m  [1m[34mSELECT "photos".* FROM "photos" WHERE "photos"."post_id" IN (5, 4, 3, 2, 1)[0m
  [1m[36mUser Load (0.2ms)[0m  [1m[34mSELECT "users".* FROM "users" WHERE "users"."id" IN (2, 1)[0m
  [1m[36mLike Load (0.2ms)[0m  [1m[34mSELECT "likes".* FROM "likes" WHERE "likes"."post_id" IN (5, 4, 3, 2, 1) ORDER BY "likes"."created_at" DESC[0m
  [1m[36mPost Load (0.2ms)[0m  [1m[34mSELECT  "posts".* FROM "posts" WHERE "posts"."user_id" = ? AND "posts"."id" = ? LIMIT ?[0m  [["user_id", 2], ["id", 5], ["LIMIT", 1]]
  Rendered posts/_photos.html.erb (6.7ms)
  [1m[36mLike Load (0.2ms)[0m  [1m[34mSELECT  "likes".* FROM "likes" WHERE "likes"."user_id" = ? AND "likes"."post_id" = ? LIMIT ?[0m  [["user_id", 2], ["post_id", 5], ["LIMIT", 1]]
  Rendered posts/_like_icon.html.erb (0.5ms)
  [1m[36mBookmark Load (0.1ms)[0m  [1m[34mSELECT  "bookmarks".* FROM "bookmarks" WHERE "bookmarks"."user_id" = ? AND "bookmarks"."post_id" = ? LIMIT ?[0m  [["user_id", 2], ["post_id", 5], ["LIMIT", 1]]
  Rendered posts/_bookmark_icon.html.erb (0.5ms)
  Rendered posts/_like_text.html.erb (0.4ms)
  [1m[36mComment Load (0.1ms)[0m  [1m[34mSELECT "comments".* FROM "comments" WHERE "comments"."post_id" = ? ORDER BY "comments"."created_at" DESC[0m  [["post_id", 5]]
  Rendered posts/_comment_list.html.erb (4.6ms)
  Rendered posts/_comment_form.html.erb (9.5ms)
  [1m[36mPost Load (0.2ms)[0m  [1m[34mSELECT  "posts".* FROM "posts" WHERE "posts"."user_id" = ? AND "posts"."id" = ? LIMIT ?[0m  [["user_id", 2], ["id", 4], ["LIMIT", 1]]
  Rendered posts/_photos.html.erb (1.9ms)
  [1m[36mLike Load (0.2ms)[0m  [1m[34mSELECT  "likes".* FROM "likes" WHERE "likes"."user_id" = ? AND "likes"."post_id" = ? LIMIT ?[0m  [["user_id", 2], ["post_id", 4], ["LIMIT", 1]]
  Rendered posts/_like_icon.html.erb (0.2ms)
  [1m[36mBookmark Load (0.1ms)[0m  [1m[34mSELECT  "bookmarks".* FROM "bookmarks" WHERE "bookmarks"."user_id" = ? AND "bookmarks"."post_id" = ? LIMIT ?[0m  [["user_id", 2], ["post_id", 4], ["LIMIT", 1]]
  Rendered posts/_bookmark_icon.html.erb (0.2ms)
  Rendered posts/_like_text.html.erb (0.0ms)
  [1m[36mComment Load (0.1ms)[0m  [1m[34mSELECT "comments".* FROM "comments" WHERE "comments"."post_id" = ? ORDER BY "comments"."created_at" DESC[0m  [["post_id", 4]]
  Rendered posts/_comment_list.html.erb (0.9ms)
  Rendered posts/_comment_form.html.erb (0.4ms)
  [1m[36mPost Load (0.1ms)[0m  [1m[34mSELECT  "posts".* FROM "posts" WHERE "posts"."user_id" = ? AND "posts"."id" = ? LIMIT ?[0m  [["user_id", 2], ["id", 3], ["LIMIT", 1]]
  Rendered posts/_photos.html.erb (1.4ms)
  [1m[36mLike Load (0.1ms)[0m  [1m[34mSELECT  "likes".* FROM "likes" WHERE "likes"."user_id" = ? AND "likes"."post_id" = ? LIMIT ?[0m  [["user_id", 2], ["post_id", 3], ["LIMIT", 1]]
  Rendered posts/_like_icon.html.erb (0.1ms)
  [1m[36mBookmark Load (0.1ms)[0m  [1m[34mSELECT  "bookmarks".* FROM "bookmarks" WHERE "bookmarks"."user_id" = ? AND "bookmarks"."post_id" = ? LIMIT ?[0m  [["user_id", 2], ["post_id", 3], ["LIMIT", 1]]
  Rendered posts/_bookmark_icon.html.erb (0.1ms)
  Rendered posts/_like_text.html.erb (0.0ms)
  [1m[36mComment Load (0.1ms)[0m  [1m[34mSELECT "comments".* FROM "comments" WHERE "comments"."post_id" = ? ORDER BY "comments"."created_at" DESC[0m  [["post_id", 3]]
  Rendered posts/_comment_list.html.erb (0.9ms)
  Rendered posts/_comment_form.html.erb (0.4ms)
  [1m[36mPost Load (0.1ms)[0m  [1m[34mSELECT  "posts".* FROM "posts" WHERE "posts"."user_id" = ? AND "posts"."id" = ? LIMIT ?[0m  [["user_id", 2], ["id", 2], ["LIMIT", 1]]
  Rendered posts/_photos.html.erb (1.0ms)
  [1m[36mLike Load (0.2ms)[0m  [1m[34mSELECT  "likes".* FROM "likes" WHERE "likes"."user_id" = ? AND "likes"."post_id" = ? LIMIT ?[0m  [["user_id", 2], ["post_id", 2], ["LIMIT", 1]]
  Rendered posts/_like_icon.html.erb (0.2ms)
  [1m[36mBookmark Load (0.1ms)[0m  [1m[34mSELECT  "bookmarks".* FROM "bookmarks" WHERE "bookmarks"."user_id" = ? AND "bookmarks"."post_id" = ? LIMIT ?[0m  [["user_id", 2], ["post_id", 2], ["LIMIT", 1]]
  Rendered posts/_bookmark_icon.html.erb (0.2ms)
  Rendered posts/_like_text.html.erb (0.0ms)
  [1m[36mComment Load (0.1ms)[0m  [1m[34mSELECT "comments".* FROM "comments" WHERE "comments"."post_id" = ? ORDER BY "comments"."created_at" DESC[0m  [["post_id", 2]]
  Rendered posts/_comment_list.html.erb (0.9ms)
  Rendered posts/_comment_form.html.erb (0.4ms)
  [1m[36mPost Load (0.1ms)[0m  [1m[34mSELECT  "posts".* FROM "posts" WHERE "posts"."user_id" = ? AND "posts"."id" = ? LIMIT ?[0m  [["user_id", 2], ["id", 1], ["LIMIT", 1]]
  Rendered posts/_photos.html.erb (1.3ms)
  [1m[36mLike Load (0.1ms)[0m  [1m[34mSELECT  "likes".* FROM "likes" WHERE "likes"."user_id" = ? AND "likes"."post_id" = ? LIMIT ?[0m  [["user_id", 2], ["post_id", 1], ["LIMIT", 1]]
  Rendered posts/_like_icon.html.erb (0.2ms)
  [1m[36mBookmark Load (0.1ms)[0m  [1m[34mSELECT  "bookmarks".* FROM "bookmarks" WHERE "bookmarks"."user_id" = ? AND "bookmarks"."post_id" = ? LIMIT ?[0m  [["user_id", 2], ["post_id", 1], ["LIMIT", 1]]
  Rendered posts/_bookmark_icon.html.erb (0.1ms)
  [1m[36mUser Load (0.2ms)[0m  [1m[34mSELECT  "users".* FROM "users" WHERE "users"."id" = ? LIMIT ?[0m  [["id", 2], ["LIMIT", 1]]
  Rendered posts/_like_text.html.erb (2.0ms)
  [1m[36mComment Load (0.1ms)[0m  [1m[34mSELECT "comments".* FROM "comments" WHERE "comments"."post_id" = ? ORDER BY "comments"."created_at" DESC[0m  [["post_id", 1]]
  Rendered posts/_comment_list.html.erb (0.9ms)
  Rendered posts/_comment_form.html.erb (0.4ms)
  Rendered posts/_posts_list.html.erb (133.8ms)
  [1m[35m (0.1ms)[0m  [1m[34mSELECT COUNT(*) FROM "posts"[0m
  Rendered posts/index.html.erb within layouts/application (160.4ms)
  Rendered shared/_navbar.html.erb (1.1ms)
Completed 200 OK in 585ms (Views: 554.7ms | ActiveRecord: 7.0ms)


Started GET "/users/2/following" for 127.0.0.1 at 2020-12-13 16:30:22 +0700
Processing by UsersController#following as HTML
  Parameters: {"id"=>"2"}
  [1m[36mUser Load (0.2ms)[0m  [1m[34mSELECT  "users".* FROM "users" WHERE "users"."id" = ? LIMIT ?[0m  [["id", 2], ["LIMIT", 1]]
  Rendering users/show_follow.html.erb within layouts/application
  [1m[36mUser Load (0.3ms)[0m  [1m[34mSELECT  "users".* FROM "users" INNER JOIN "relationships" ON "users"."id" = "relationships"."followed_id" WHERE "relationships"."follower_id" = ? LIMIT ? OFFSET ?[0m  [["follower_id", 2], ["LIMIT", 6], ["OFFSET", 0]]
  Rendered users/show_follow.html.erb within layouts/application (21.6ms)
  [1m[36mUser Load (0.3ms)[0m  [1m[34mSELECT  "users".* FROM "users" WHERE "users"."id" = ? ORDER BY "users"."id" ASC LIMIT ?[0m  [["id", 2], ["LIMIT", 1]]
  Rendered shared/_navbar.html.erb (0.8ms)
Completed 200 OK in 94ms (Views: 81.3ms | ActiveRecord: 0.8ms)


Started GET "/list_user" for 127.0.0.1 at 2020-12-13 16:30:28 +0700
Processing by UsersController#list_user as HTML
  Rendering users/list_user.html.erb within layouts/application
  [1m[36mUser Load (0.3ms)[0m  [1m[34mSELECT  "users".* FROM "users" LIMIT ? OFFSET ?[0m  [["LIMIT", 6], ["OFFSET", 0]]
  Rendered users/_user.html.erb (0.7ms)
  Rendered users/_user.html.erb (0.3ms)
  Rendered users/list_user.html.erb within layouts/application (4.0ms)
  [1m[36mUser Load (0.2ms)[0m  [1m[34mSELECT  "users".* FROM "users" WHERE "users"."id" = ? ORDER BY "users"."id" ASC LIMIT ?[0m  [["id", 2], ["LIMIT", 1]]
  Rendered shared/_navbar.html.erb (0.7ms)
Completed 200 OK in 45ms (Views: 44.3ms | ActiveRecord: 0.5ms)


Started GET "/users/2" for 127.0.0.1 at 2020-12-13 16:30:30 +0700
Processing by UsersController#show as HTML
  Parameters: {"id"=>"2"}
  [1m[36mUser Load (0.1ms)[0m  [1m[34mSELECT  "users".* FROM "users" WHERE "users"."id" = ? LIMIT ?[0m  [["id", 2], ["LIMIT", 1]]
  [1m[36mUser Load (0.2ms)[0m  [1m[34mSELECT  "users".* FROM "users" WHERE "users"."id" = ? ORDER BY "users"."id" ASC LIMIT ?[0m  [["id", 2], ["LIMIT", 1]]
  Rendering users/show.html.erb within layouts/application
  [1m[35m (0.2ms)[0m  [1m[34mSELECT COUNT(*) FROM "users" INNER JOIN "relationships" ON "users"."id" = "relationships"."followed_id" WHERE "relationships"."follower_id" = ?[0m  [["follower_id", 2]]
  [1m[35m (0.1ms)[0m  [1m[34mSELECT COUNT(*) FROM "users" INNER JOIN "relationships" ON "users"."id" = "relationships"."follower_id" WHERE "relationships"."followed_id" = ?[0m  [["followed_id", 2]]
  Rendered shared/_stats.html.erb (2.7ms)
  Rendered users/_follow_form.html.erb (0.3ms)
  [1m[36mPost Load (0.1ms)[0m  [1m[34mSELECT "posts".* FROM "posts" WHERE "posts"."user_id" = ?[0m  [["user_id", 2]]
  [1m[36mPhoto Load (0.2ms)[0m  [1m[34mSELECT "photos".* FROM "photos" WHERE "photos"."post_id" IN (2, 5)[0m
  [1m[36mLike Load (0.1ms)[0m  [1m[34mSELECT "likes".* FROM "likes" WHERE "likes"."post_id" IN (2, 5) ORDER BY "likes"."created_at" DESC[0m
  [1m[36mComment Load (0.1ms)[0m  [1m[34mSELECT "comments".* FROM "comments" WHERE "comments"."post_id" IN (2, 5) ORDER BY "comments"."created_at" DESC[0m
  Rendered users/_post.html.erb (4.7ms)
  [1m[36mPost Load (0.3ms)[0m  [1m[34mSELECT "posts".* FROM "posts" INNER JOIN "bookmarks" ON "bookmarks"."post_id" = "posts"."id" WHERE (bookmarks.user_id = 2)[0m
  [1m[36mPhoto Load (0.2ms)[0m  [1m[34mSELECT "photos".* FROM "photos" WHERE "photos"."post_id" IN (4, 1)[0m
  [1m[36mLike Load (0.2ms)[0m  [1m[34mSELECT "likes".* FROM "likes" WHERE "likes"."post_id" IN (4, 1) ORDER BY "likes"."created_at" DESC[0m
  [1m[36mComment Load (0.2ms)[0m  [1m[34mSELECT "comments".* FROM "comments" WHERE "comments"."post_id" IN (4, 1) ORDER BY "comments"."created_at" DESC[0m
  Rendered users/_post.html.erb (7.7ms)
  Rendered users/show.html.erb within layouts/application (19.4ms)
  Rendered shared/_navbar.html.erb (0.7ms)
Completed 200 OK in 80ms (Views: 75.3ms | ActiveRecord: 1.9ms)


Started GET "/users/2/following" for 127.0.0.1 at 2020-12-13 16:30:35 +0700
Processing by UsersController#following as HTML
  Parameters: {"id"=>"2"}
  [1m[36mUser Load (0.6ms)[0m  [1m[34mSELECT  "users".* FROM "users" WHERE "users"."id" = ? LIMIT ?[0m  [["id", 2], ["LIMIT", 1]]
  Rendering users/show_follow.html.erb within layouts/application
  [1m[36mUser Load (0.3ms)[0m  [1m[34mSELECT  "users".* FROM "users" INNER JOIN "relationships" ON "users"."id" = "relationships"."followed_id" WHERE "relationships"."follower_id" = ? LIMIT ? OFFSET ?[0m  [["follower_id", 2], ["LIMIT", 6], ["OFFSET", 0]]
  Rendered users/show_follow.html.erb within layouts/application (1.6ms)
  [1m[36mUser Load (0.3ms)[0m  [1m[34mSELECT  "users".* FROM "users" WHERE "users"."id" = ? ORDER BY "users"."id" ASC LIMIT ?[0m  [["id", 2], ["LIMIT", 1]]
  Rendered shared/_navbar.html.erb (1.2ms)
Completed 200 OK in 50ms (Views: 46.2ms | ActiveRecord: 1.1ms)


Started GET "/list_user" for 127.0.0.1 at 2020-12-13 16:30:37 +0700
Processing by UsersController#list_user as HTML
  Rendering users/list_user.html.erb within layouts/application
  [1m[36mUser Load (0.2ms)[0m  [1m[34mSELECT  "users".* FROM "users" LIMIT ? OFFSET ?[0m  [["LIMIT", 6], ["OFFSET", 0]]
  Rendered users/_user.html.erb (0.9ms)
  Rendered users/_user.html.erb (0.3ms)
  Rendered users/list_user.html.erb within layouts/application (4.0ms)
  [1m[36mUser Load (0.2ms)[0m  [1m[34mSELECT  "users".* FROM "users" WHERE "users"."id" = ? ORDER BY "users"."id" ASC LIMIT ?[0m  [["id", 2], ["LIMIT", 1]]
  Rendered shared/_navbar.html.erb (0.7ms)
Completed 200 OK in 44ms (Views: 42.6ms | ActiveRecord: 0.4ms)


Started GET "/users/1" for 127.0.0.1 at 2020-12-13 16:30:39 +0700
Processing by UsersController#show as HTML
  Parameters: {"id"=>"1"}
  [1m[36mUser Load (0.1ms)[0m  [1m[34mSELECT  "users".* FROM "users" WHERE "users"."id" = ? LIMIT ?[0m  [["id", 1], ["LIMIT", 1]]
  [1m[36mUser Load (0.2ms)[0m  [1m[34mSELECT  "users".* FROM "users" WHERE "users"."id" = ? ORDER BY "users"."id" ASC LIMIT ?[0m  [["id", 2], ["LIMIT", 1]]
  Rendering users/show.html.erb within layouts/application
  [1m[35m (0.2ms)[0m  [1m[34mSELECT COUNT(*) FROM "users" INNER JOIN "relationships" ON "users"."id" = "relationships"."followed_id" WHERE "relationships"."follower_id" = ?[0m  [["follower_id", 1]]
  [1m[35m (0.1ms)[0m  [1m[34mSELECT COUNT(*) FROM "users" INNER JOIN "relationships" ON "users"."id" = "relationships"."follower_id" WHERE "relationships"."followed_id" = ?[0m  [["followed_id", 1]]
  Rendered shared/_stats.html.erb (2.4ms)
  [1m[36mUser Exists (0.2ms)[0m  [1m[34mSELECT  1 AS one FROM "users" INNER JOIN "relationships" ON "users"."id" = "relationships"."followed_id" WHERE "relationships"."follower_id" = ? AND "users"."id" = ? LIMIT ?[0m  [["follower_id", 2], ["id", 1], ["LIMIT", 1]]
  Rendered users/_follow.html.erb (6.7ms)
  Rendered users/_follow_form.html.erb (11.1ms)
  [1m[36mPost Load (0.2ms)[0m  [1m[34mSELECT "posts".* FROM "posts" WHERE "posts"."user_id" = ?[0m  [["user_id", 1]]
  [1m[36mPhoto Load (0.1ms)[0m  [1m[34mSELECT "photos".* FROM "photos" WHERE "photos"."post_id" IN (1, 3, 4)[0m
  [1m[36mLike Load (0.2ms)[0m  [1m[34mSELECT "likes".* FROM "likes" WHERE "likes"."post_id" IN (1, 3, 4) ORDER BY "likes"."created_at" DESC[0m
  [1m[36mComment Load (0.1ms)[0m  [1m[34mSELECT "comments".* FROM "comments" WHERE "comments"."post_id" IN (1, 3, 4) ORDER BY "comments"."created_at" DESC[0m
  Rendered users/_post.html.erb (5.4ms)
  Rendered users/show.html.erb within layouts/application (21.5ms)
  Rendered shared/_navbar.html.erb (0.7ms)
Completed 200 OK in 78ms (Views: 74.0ms | ActiveRecord: 1.9ms)


Started POST "/relationships" for 127.0.0.1 at 2020-12-13 16:30:40 +0700
Processing by RelationshipsController#create as HTML
  Parameters: {"utf8"=>"✓", "authenticity_token"=>"eV3kbf+NPxIKdW/Yt0CXleRQbGLmGsL2NU5Q4baIld8l2WDXDxkQzL9TOablGxMaLNvCsKJPY4KfKrvcYtpTSA==", "followed_id"=>"1", "commit"=>"Follow"}
  [1m[36mUser Load (0.2ms)[0m  [1m[34mSELECT  "users".* FROM "users" WHERE "users"."id" = ? ORDER BY "users"."id" ASC LIMIT ?[0m  [["id", 2], ["LIMIT", 1]]
  [1m[36mUser Load (0.1ms)[0m  [1m[34mSELECT  "users".* FROM "users" WHERE "users"."id" = ? LIMIT ?[0m  [["id", 1], ["LIMIT", 1]]
  [1m[35m (0.0ms)[0m  [1m[36mbegin transaction[0m
  [1m[36mUser Load (0.2ms)[0m  [1m[34mSELECT  "users".* FROM "users" WHERE "users"."id" = ? LIMIT ?[0m  [["id", 2], ["LIMIT", 1]]
  [1m[35mSQL (0.6ms)[0m  [1m[32mINSERT INTO "relationships" ("follower_id", "followed_id", "created_at", "updated_at") VALUES (?, ?, ?, ?)[0m  [["follower_id", 2], ["followed_id", 1], ["created_at", "2020-12-13 09:30:40.509472"], ["updated_at", "2020-12-13 09:30:40.509472"]]
  [1m[35m (1.0ms)[0m  [1m[36mcommit transaction[0m
Redirected to http://localhost:3000/users/1
Completed 302 Found in 9ms (ActiveRecord: 2.1ms)


Started GET "/users/1" for 127.0.0.1 at 2020-12-13 16:30:40 +0700
Processing by UsersController#show as HTML
  Parameters: {"id"=>"1"}
  [1m[36mUser Load (0.1ms)[0m  [1m[34mSELECT  "users".* FROM "users" WHERE "users"."id" = ? LIMIT ?[0m  [["id", 1], ["LIMIT", 1]]
  [1m[36mUser Load (0.2ms)[0m  [1m[34mSELECT  "users".* FROM "users" WHERE "users"."id" = ? ORDER BY "users"."id" ASC LIMIT ?[0m  [["id", 2], ["LIMIT", 1]]
  Rendering users/show.html.erb within layouts/application
  [1m[35m (0.2ms)[0m  [1m[34mSELECT COUNT(*) FROM "users" INNER JOIN "relationships" ON "users"."id" = "relationships"."followed_id" WHERE "relationships"."follower_id" = ?[0m  [["follower_id", 1]]
  [1m[35m (0.2ms)[0m  [1m[34mSELECT COUNT(*) FROM "users" INNER JOIN "relationships" ON "users"."id" = "relationships"."follower_id" WHERE "relationships"."followed_id" = ?[0m  [["followed_id", 1]]
  Rendered shared/_stats.html.erb (4.0ms)
  [1m[36mUser Exists (0.2ms)[0m  [1m[34mSELECT  1 AS one FROM "users" INNER JOIN "relationships" ON "users"."id" = "relationships"."followed_id" WHERE "relationships"."follower_id" = ? AND "users"."id" = ? LIMIT ?[0m  [["follower_id", 2], ["id", 1], ["LIMIT", 1]]
  [1m[36mRelationship Load (0.2ms)[0m  [1m[34mSELECT  "relationships".* FROM "relationships" WHERE "relationships"."follower_id" = ? AND "relationships"."followed_id" = ? LIMIT ?[0m  [["follower_id", 2], ["followed_id", 1], ["LIMIT", 1]]
  Rendered users/_unfollow.html.erb (2.2ms)
  Rendered users/_follow_form.html.erb (4.9ms)
  [1m[36mPost Load (0.1ms)[0m  [1m[34mSELECT "posts".* FROM "posts" WHERE "posts"."user_id" = ?[0m  [["user_id", 1]]
  [1m[36mPhoto Load (0.1ms)[0m  [1m[34mSELECT "photos".* FROM "photos" WHERE "photos"."post_id" IN (1, 3, 4)[0m
  [1m[36mLike Load (0.2ms)[0m  [1m[34mSELECT "likes".* FROM "likes" WHERE "likes"."post_id" IN (1, 3, 4) ORDER BY "likes"."created_at" DESC[0m
  [1m[36mComment Load (0.6ms)[0m  [1m[34mSELECT "comments".* FROM "comments" WHERE "comments"."post_id" IN (1, 3, 4) ORDER BY "comments"."created_at" DESC[0m
  Rendered users/_post.html.erb (7.3ms)
  Rendered users/show.html.erb within layouts/application (21.4ms)
  Rendered shared/_navbar.html.erb (0.7ms)
Completed 200 OK in 61ms (Views: 56.9ms | ActiveRecord: 2.1ms)


Started GET "/list_user" for 127.0.0.1 at 2020-12-13 16:30:42 +0700
Processing by UsersController#list_user as HTML
  Rendering users/list_user.html.erb within layouts/application
  [1m[36mUser Load (0.2ms)[0m  [1m[34mSELECT  "users".* FROM "users" LIMIT ? OFFSET ?[0m  [["LIMIT", 6], ["OFFSET", 0]]
  Rendered users/_user.html.erb (0.6ms)
  Rendered users/_user.html.erb (0.3ms)
  Rendered users/list_user.html.erb within layouts/application (3.1ms)
  [1m[36mUser Load (0.2ms)[0m  [1m[34mSELECT  "users".* FROM "users" WHERE "users"."id" = ? ORDER BY "users"."id" ASC LIMIT ?[0m  [["id", 2], ["LIMIT", 1]]
  Rendered shared/_navbar.html.erb (0.7ms)
Completed 200 OK in 41ms (Views: 40.3ms | ActiveRecord: 0.4ms)


Started GET "/" for 127.0.0.1 at 2020-12-13 16:30:44 +0700
Processing by PostsController#index as HTML
  [1m[36mUser Load (0.4ms)[0m  [1m[34mSELECT  "users".* FROM "users" WHERE "users"."id" = ? ORDER BY "users"."id" ASC LIMIT ?[0m  [["id", 2], ["LIMIT", 1]]
  Rendering posts/index.html.erb within layouts/application
  [1m[36mPost Load (0.2ms)[0m  [1m[34mSELECT  "posts".* FROM "posts" ORDER BY created_at desc LIMIT ? OFFSET ?[0m  [["LIMIT", 5], ["OFFSET", 0]]
  [1m[36mPhoto Load (0.2ms)[0m  [1m[34mSELECT "photos".* FROM "photos" WHERE "photos"."post_id" IN (5, 4, 3, 2, 1)[0m
  [1m[36mUser Load (0.5ms)[0m  [1m[34mSELECT "users".* FROM "users" WHERE "users"."id" IN (2, 1)[0m
  [1m[36mLike Load (0.2ms)[0m  [1m[34mSELECT "likes".* FROM "likes" WHERE "likes"."post_id" IN (5, 4, 3, 2, 1) ORDER BY "likes"."created_at" DESC[0m
  [1m[36mPost Load (0.1ms)[0m  [1m[34mSELECT  "posts".* FROM "posts" WHERE "posts"."user_id" = ? AND "posts"."id" = ? LIMIT ?[0m  [["user_id", 2], ["id", 5], ["LIMIT", 1]]
  Rendered posts/_photos.html.erb (1.6ms)
  [1m[36mLike Load (0.2ms)[0m  [1m[34mSELECT  "likes".* FROM "likes" WHERE "likes"."user_id" = ? AND "likes"."post_id" = ? LIMIT ?[0m  [["user_id", 2], ["post_id", 5], ["LIMIT", 1]]
  Rendered posts/_like_icon.html.erb (0.4ms)
  [1m[36mBookmark Load (0.1ms)[0m  [1m[34mSELECT  "bookmarks".* FROM "bookmarks" WHERE "bookmarks"."user_id" = ? AND "bookmarks"."post_id" = ? LIMIT ?[0m  [["user_id", 2], ["post_id", 5], ["LIMIT", 1]]
  Rendered posts/_bookmark_icon.html.erb (0.4ms)
  Rendered posts/_like_text.html.erb (0.4ms)
  [1m[36mComment Load (0.2ms)[0m  [1m[34mSELECT "comments".* FROM "comments" WHERE "comments"."post_id" = ? ORDER BY "comments"."created_at" DESC[0m  [["post_id", 5]]
  Rendered posts/_comment_list.html.erb (1.7ms)
  Rendered posts/_comment_form.html.erb (0.7ms)
  [1m[36mPost Load (0.1ms)[0m  [1m[34mSELECT  "posts".* FROM "posts" WHERE "posts"."user_id" = ? AND "posts"."id" = ? LIMIT ?[0m  [["user_id", 2], ["id", 4], ["LIMIT", 1]]
  Rendered posts/_photos.html.erb (1.5ms)
  [1m[36mLike Load (0.1ms)[0m  [1m[34mSELECT  "likes".* FROM "likes" WHERE "likes"."user_id" = ? AND "likes"."post_id" = ? LIMIT ?[0m  [["user_id", 2], ["post_id", 4], ["LIMIT", 1]]
  Rendered posts/_like_icon.html.erb (0.1ms)
  [1m[36mBookmark Load (0.1ms)[0m  [1m[34mSELECT  "bookmarks".* FROM "bookmarks" WHERE "bookmarks"."user_id" = ? AND "bookmarks"."post_id" = ? LIMIT ?[0m  [["user_id", 2], ["post_id", 4], ["LIMIT", 1]]
  Rendered posts/_bookmark_icon.html.erb (0.1ms)
  Rendered posts/_like_text.html.erb (0.0ms)
  [1m[36mComment Load (0.1ms)[0m  [1m[34mSELECT "comments".* FROM "comments" WHERE "comments"."post_id" = ? ORDER BY "comments"."created_at" DESC[0m  [["post_id", 4]]
  Rendered posts/_comment_list.html.erb (0.8ms)
  Rendered posts/_comment_form.html.erb (0.4ms)
  [1m[36mPost Load (0.1ms)[0m  [1m[34mSELECT  "posts".* FROM "posts" WHERE "posts"."user_id" = ? AND "posts"."id" = ? LIMIT ?[0m  [["user_id", 2], ["id", 3], ["LIMIT", 1]]
  Rendered posts/_photos.html.erb (0.9ms)
  [1m[36mLike Load (0.1ms)[0m  [1m[34mSELECT  "likes".* FROM "likes" WHERE "likes"."user_id" = ? AND "likes"."post_id" = ? LIMIT ?[0m  [["user_id", 2], ["post_id", 3], ["LIMIT", 1]]
  Rendered posts/_like_icon.html.erb (0.1ms)
  [1m[36mBookmark Load (0.1ms)[0m  [1m[34mSELECT  "bookmarks".* FROM "bookmarks" WHERE "bookmarks"."user_id" = ? AND "bookmarks"."post_id" = ? LIMIT ?[0m  [["user_id", 2], ["post_id", 3], ["LIMIT", 1]]
  Rendered posts/_bookmark_icon.html.erb (0.1ms)
  Rendered posts/_like_text.html.erb (0.0ms)
  [1m[36mComment Load (0.1ms)[0m  [1m[34mSELECT "comments".* FROM "comments" WHERE "comments"."post_id" = ? ORDER BY "comments"."created_at" DESC[0m  [["post_id", 3]]
  Rendered posts/_comment_list.html.erb (0.8ms)
  Rendered posts/_comment_form.html.erb (0.4ms)
  [1m[36mPost Load (0.1ms)[0m  [1m[34mSELECT  "posts".* FROM "posts" WHERE "posts"."user_id" = ? AND "posts"."id" = ? LIMIT ?[0m  [["user_id", 2], ["id", 2], ["LIMIT", 1]]
  Rendered posts/_photos.html.erb (0.9ms)
  [1m[36mLike Load (0.1ms)[0m  [1m[34mSELECT  "likes".* FROM "likes" WHERE "likes"."user_id" = ? AND "likes"."post_id" = ? LIMIT ?[0m  [["user_id", 2], ["post_id", 2], ["LIMIT", 1]]
  Rendered posts/_like_icon.html.erb (0.1ms)
  [1m[36mBookmark Load (0.1ms)[0m  [1m[34mSELECT  "bookmarks".* FROM "bookmarks" WHERE "bookmarks"."user_id" = ? AND "bookmarks"."post_id" = ? LIMIT ?[0m  [["user_id", 2], ["post_id", 2], ["LIMIT", 1]]
  Rendered posts/_bookmark_icon.html.erb (0.1ms)
  Rendered posts/_like_text.html.erb (0.0ms)
  [1m[36mComment Load (0.1ms)[0m  [1m[34mSELECT "comments".* FROM "comments" WHERE "comments"."post_id" = ? ORDER BY "comments"."created_at" DESC[0m  [["post_id", 2]]
  Rendered posts/_comment_list.html.erb (0.8ms)
  Rendered posts/_comment_form.html.erb (0.4ms)
  [1m[36mPost Load (0.1ms)[0m  [1m[34mSELECT  "posts".* FROM "posts" WHERE "posts"."user_id" = ? AND "posts"."id" = ? LIMIT ?[0m  [["user_id", 2], ["id", 1], ["LIMIT", 1]]
  Rendered posts/_photos.html.erb (0.9ms)
  [1m[36mLike Load (0.1ms)[0m  [1m[34mSELECT  "likes".* FROM "likes" WHERE "likes"."user_id" = ? AND "likes"."post_id" = ? LIMIT ?[0m  [["user_id", 2], ["post_id", 1], ["LIMIT", 1]]
  Rendered posts/_like_icon.html.erb (0.1ms)
  [1m[36mBookmark Load (0.1ms)[0m  [1m[34mSELECT  "bookmarks".* FROM "bookmarks" WHERE "bookmarks"."user_id" = ? AND "bookmarks"."post_id" = ? LIMIT ?[0m  [["user_id", 2], ["post_id", 1], ["LIMIT", 1]]
  Rendered posts/_bookmark_icon.html.erb (0.2ms)
  [1m[36mUser Load (0.1ms)[0m  [1m[34mSELECT  "users".* FROM "users" WHERE "users"."id" = ? LIMIT ?[0m  [["id", 2], ["LIMIT", 1]]
  Rendered posts/_like_text.html.erb (0.8ms)
  [1m[36mComment Load (0.1ms)[0m  [1m[34mSELECT "comments".* FROM "comments" WHERE "comments"."post_id" = ? ORDER BY "comments"."created_at" DESC[0m  [["post_id", 1]]
  Rendered posts/_comment_list.html.erb (0.8ms)
  Rendered posts/_comment_form.html.erb (0.4ms)
  Rendered posts/_posts_list.html.erb (49.1ms)
  [1m[35m (0.1ms)[0m  [1m[34mSELECT COUNT(*) FROM "posts"[0m
  Rendered posts/index.html.erb within layouts/application (51.2ms)
  Rendered shared/_navbar.html.erb (0.8ms)
Completed 200 OK in 105ms (Views: 98.8ms | ActiveRecord: 3.9ms)


Started GET "/" for 127.0.0.1 at 2020-12-13 16:32:17 +0700
Processing by PostsController#index as HTML
  [1m[36mUser Load (0.1ms)[0m  [1m[34mSELECT  "users".* FROM "users" WHERE "users"."id" = ? ORDER BY "users"."id" ASC LIMIT ?[0m  [["id", 2], ["LIMIT", 1]]
  Rendering posts/index.html.erb within layouts/application
  [1m[36mPost Load (0.3ms)[0m  [1m[34mSELECT  DISTINCT "posts".* FROM "posts" INNER JOIN "users" ON "users"."id" = "posts"."user_id" INNER JOIN "relationships" ON "relationships"."followed_id" = "users"."id" INNER JOIN "users" "followers_users" ON "followers_users"."id" = "relationships"."follower_id" WHERE (relationships.follower_id = 2 or posts.user_id = 2) ORDER BY created_at desc LIMIT ? OFFSET ?[0m  [["LIMIT", 5], ["OFFSET", 0]]
  [1m[36mPhoto Load (0.1ms)[0m  [1m[34mSELECT "photos".* FROM "photos" WHERE "photos"."post_id" IN (4, 3, 1)[0m
  [1m[36mUser Load (0.3ms)[0m  [1m[34mSELECT "users".* FROM "users" WHERE "users"."id" = 1[0m
  [1m[36mLike Load (0.1ms)[0m  [1m[34mSELECT "likes".* FROM "likes" WHERE "likes"."post_id" IN (4, 3, 1) ORDER BY "likes"."created_at" DESC[0m
  [1m[36mPost Load (0.2ms)[0m  [1m[34mSELECT  "posts".* FROM "posts" WHERE "posts"."user_id" = ? AND "posts"."id" = ? LIMIT ?[0m  [["user_id", 2], ["id", 4], ["LIMIT", 1]]
  Rendered posts/_photos.html.erb (1.8ms)
  [1m[36mLike Load (0.1ms)[0m  [1m[34mSELECT  "likes".* FROM "likes" WHERE "likes"."user_id" = ? AND "likes"."post_id" = ? LIMIT ?[0m  [["user_id", 2], ["post_id", 4], ["LIMIT", 1]]
  Rendered posts/_like_icon.html.erb (0.4ms)
  [1m[36mBookmark Load (0.2ms)[0m  [1m[34mSELECT  "bookmarks".* FROM "bookmarks" WHERE "bookmarks"."user_id" = ? AND "bookmarks"."post_id" = ? LIMIT ?[0m  [["user_id", 2], ["post_id", 4], ["LIMIT", 1]]
  Rendered posts/_bookmark_icon.html.erb (0.5ms)
  Rendered posts/_like_text.html.erb (0.4ms)
  [1m[36mComment Load (0.1ms)[0m  [1m[34mSELECT "comments".* FROM "comments" WHERE "comments"."post_id" = ? ORDER BY "comments"."created_at" DESC[0m  [["post_id", 4]]
  Rendered posts/_comment_list.html.erb (4.1ms)
  Rendered posts/_comment_form.html.erb (4.2ms)
  [1m[36mPost Load (0.1ms)[0m  [1m[34mSELECT  "posts".* FROM "posts" WHERE "posts"."user_id" = ? AND "posts"."id" = ? LIMIT ?[0m  [["user_id", 2], ["id", 3], ["LIMIT", 1]]
  Rendered posts/_photos.html.erb (1.0ms)
  [1m[36mLike Load (0.1ms)[0m  [1m[34mSELECT  "likes".* FROM "likes" WHERE "likes"."user_id" = ? AND "likes"."post_id" = ? LIMIT ?[0m  [["user_id", 2], ["post_id", 3], ["LIMIT", 1]]
  Rendered posts/_like_icon.html.erb (0.1ms)
  [1m[36mBookmark Load (0.1ms)[0m  [1m[34mSELECT  "bookmarks".* FROM "bookmarks" WHERE "bookmarks"."user_id" = ? AND "bookmarks"."post_id" = ? LIMIT ?[0m  [["user_id", 2], ["post_id", 3], ["LIMIT", 1]]
  Rendered posts/_bookmark_icon.html.erb (0.1ms)
  Rendered posts/_like_text.html.erb (0.1ms)
  [1m[36mComment Load (0.2ms)[0m  [1m[34mSELECT "comments".* FROM "comments" WHERE "comments"."post_id" = ? ORDER BY "comments"."created_at" DESC[0m  [["post_id", 3]]
  Rendered posts/_comment_list.html.erb (1.2ms)
  Rendered posts/_comment_form.html.erb (0.4ms)
  [1m[36mPost Load (0.1ms)[0m  [1m[34mSELECT  "posts".* FROM "posts" WHERE "posts"."user_id" = ? AND "posts"."id" = ? LIMIT ?[0m  [["user_id", 2], ["id", 1], ["LIMIT", 1]]
  Rendered posts/_photos.html.erb (0.9ms)
  [1m[36mLike Load (0.1ms)[0m  [1m[34mSELECT  "likes".* FROM "likes" WHERE "likes"."user_id" = ? AND "likes"."post_id" = ? LIMIT ?[0m  [["user_id", 2], ["post_id", 1], ["LIMIT", 1]]
  Rendered posts/_like_icon.html.erb (0.2ms)
  [1m[36mBookmark Load (0.1ms)[0m  [1m[34mSELECT  "bookmarks".* FROM "bookmarks" WHERE "bookmarks"."user_id" = ? AND "bookmarks"."post_id" = ? LIMIT ?[0m  [["user_id", 2], ["post_id", 1], ["LIMIT", 1]]
  Rendered posts/_bookmark_icon.html.erb (0.1ms)
  [1m[36mUser Load (0.2ms)[0m  [1m[34mSELECT  "users".* FROM "users" WHERE "users"."id" = ? LIMIT ?[0m  [["id", 2], ["LIMIT", 1]]
  Rendered posts/_like_text.html.erb (1.7ms)
  [1m[36mComment Load (0.1ms)[0m  [1m[34mSELECT "comments".* FROM "comments" WHERE "comments"."post_id" = ? ORDER BY "comments"."created_at" DESC[0m  [["post_id", 1]]
  Rendered posts/_comment_list.html.erb (0.9ms)
  Rendered posts/_comment_form.html.erb (0.4ms)
  Rendered posts/_posts_list.html.erb (71.6ms)
  Rendered posts/index.html.erb within layouts/application (73.7ms)
  Rendered shared/_navbar.html.erb (1.0ms)
Completed 200 OK in 163ms (Views: 133.5ms | ActiveRecord: 5.9ms)


Started GET "/users/2/following" for 127.0.0.1 at 2020-12-13 16:32:22 +0700
Processing by UsersController#following as HTML
  Parameters: {"id"=>"2"}
  [1m[36mUser Load (0.1ms)[0m  [1m[34mSELECT  "users".* FROM "users" WHERE "users"."id" = ? LIMIT ?[0m  [["id", 2], ["LIMIT", 1]]
  Rendering users/show_follow.html.erb within layouts/application
  [1m[36mUser Load (0.5ms)[0m  [1m[34mSELECT  "users".* FROM "users" INNER JOIN "relationships" ON "users"."id" = "relationships"."followed_id" WHERE "relationships"."follower_id" = ? LIMIT ? OFFSET ?[0m  [["follower_id", 2], ["LIMIT", 6], ["OFFSET", 0]]
  Rendered users/_user.html.erb (0.8ms)
  Rendered users/show_follow.html.erb within layouts/application (3.9ms)
  [1m[36mUser Load (0.2ms)[0m  [1m[34mSELECT  "users".* FROM "users" WHERE "users"."id" = ? ORDER BY "users"."id" ASC LIMIT ?[0m  [["id", 2], ["LIMIT", 1]]
  Rendered shared/_navbar.html.erb (0.7ms)
Completed 200 OK in 43ms (Views: 39.2ms | ActiveRecord: 0.8ms)


Started GET "/users/1" for 127.0.0.1 at 2020-12-13 16:32:26 +0700
Processing by UsersController#show as HTML
  Parameters: {"id"=>"1"}
  [1m[36mUser Load (0.2ms)[0m  [1m[34mSELECT  "users".* FROM "users" WHERE "users"."id" = ? LIMIT ?[0m  [["id", 1], ["LIMIT", 1]]
  [1m[36mUser Load (0.2ms)[0m  [1m[34mSELECT  "users".* FROM "users" WHERE "users"."id" = ? ORDER BY "users"."id" ASC LIMIT ?[0m  [["id", 2], ["LIMIT", 1]]
  Rendering users/show.html.erb within layouts/application
  [1m[35m (0.2ms)[0m  [1m[34mSELECT COUNT(*) FROM "users" INNER JOIN "relationships" ON "users"."id" = "relationships"."followed_id" WHERE "relationships"."follower_id" = ?[0m  [["follower_id", 1]]
  [1m[35m (0.3ms)[0m  [1m[34mSELECT COUNT(*) FROM "users" INNER JOIN "relationships" ON "users"."id" = "relationships"."follower_id" WHERE "relationships"."followed_id" = ?[0m  [["followed_id", 1]]
  Rendered shared/_stats.html.erb (3.3ms)
  [1m[36mUser Exists (0.2ms)[0m  [1m[34mSELECT  1 AS one FROM "users" INNER JOIN "relationships" ON "users"."id" = "relationships"."followed_id" WHERE "relationships"."follower_id" = ? AND "users"."id" = ? LIMIT ?[0m  [["follower_id", 2], ["id", 1], ["LIMIT", 1]]
  [1m[36mRelationship Load (0.1ms)[0m  [1m[34mSELECT  "relationships".* FROM "relationships" WHERE "relationships"."follower_id" = ? AND "relationships"."followed_id" = ? LIMIT ?[0m  [["follower_id", 2], ["followed_id", 1], ["LIMIT", 1]]
  Rendered users/_unfollow.html.erb (5.0ms)
  Rendered users/_follow_form.html.erb (8.0ms)
  [1m[36mPost Load (0.2ms)[0m  [1m[34mSELECT "posts".* FROM "posts" WHERE "posts"."user_id" = ?[0m  [["user_id", 1]]
  [1m[36mPhoto Load (0.2ms)[0m  [1m[34mSELECT "photos".* FROM "photos" WHERE "photos"."post_id" IN (1, 3, 4)[0m
  [1m[36mLike Load (0.1ms)[0m  [1m[34mSELECT "likes".* FROM "likes" WHERE "likes"."post_id" IN (1, 3, 4) ORDER BY "likes"."created_at" DESC[0m
  [1m[36mComment Load (0.1ms)[0m  [1m[34mSELECT "comments".* FROM "comments" WHERE "comments"."post_id" IN (1, 3, 4) ORDER BY "comments"."created_at" DESC[0m
  Rendered users/_post.html.erb (5.8ms)
  Rendered users/show.html.erb within layouts/application (20.0ms)
  Rendered shared/_navbar.html.erb (0.9ms)
Completed 200 OK in 65ms (Views: 58.2ms | ActiveRecord: 2.2ms)


Started DELETE "/relationships/2" for 127.0.0.1 at 2020-12-13 16:32:27 +0700
Processing by RelationshipsController#destroy as HTML
  Parameters: {"utf8"=>"✓", "authenticity_token"=>"zhd+hA7WvQACU+O8gpKoVexkYz0wHFsJSjpV6qkdHnmSk/o+/kKS3rd1tcLQySzaJO/N73RJ+n3gXr7XfU/Y7g==", "commit"=>"Unfollow", "id"=>"2"}
  [1m[36mUser Load (0.2ms)[0m  [1m[34mSELECT  "users".* FROM "users" WHERE "users"."id" = ? ORDER BY "users"."id" ASC LIMIT ?[0m  [["id", 2], ["LIMIT", 1]]
  [1m[36mRelationship Load (0.1ms)[0m  [1m[34mSELECT  "relationships".* FROM "relationships" WHERE "relationships"."id" = ? LIMIT ?[0m  [["id", 2], ["LIMIT", 1]]
  [1m[36mUser Load (0.1ms)[0m  [1m[34mSELECT  "users".* FROM "users" WHERE "users"."id" = ? LIMIT ?[0m  [["id", 1], ["LIMIT", 1]]
  [1m[35m (0.0ms)[0m  [1m[36mbegin transaction[0m
  [1m[35mSQL (0.4ms)[0m  [1m[31mDELETE FROM "relationships" WHERE "relationships"."follower_id" = ? AND "relationships"."followed_id" = 1[0m  [["follower_id", 2]]
  [1m[35m (2.7ms)[0m  [1m[36mcommit transaction[0m
Redirected to http://localhost:3000/users/1
Completed 302 Found in 8ms (ActiveRecord: 3.4ms)


Started GET "/users/1" for 127.0.0.1 at 2020-12-13 16:32:27 +0700
Processing by UsersController#show as HTML
  Parameters: {"id"=>"1"}
  [1m[36mUser Load (0.2ms)[0m  [1m[34mSELECT  "users".* FROM "users" WHERE "users"."id" = ? LIMIT ?[0m  [["id", 1], ["LIMIT", 1]]
  [1m[36mUser Load (0.3ms)[0m  [1m[34mSELECT  "users".* FROM "users" WHERE "users"."id" = ? ORDER BY "users"."id" ASC LIMIT ?[0m  [["id", 2], ["LIMIT", 1]]
  Rendering users/show.html.erb within layouts/application
  [1m[35m (0.2ms)[0m  [1m[34mSELECT COUNT(*) FROM "users" INNER JOIN "relationships" ON "users"."id" = "relationships"."followed_id" WHERE "relationships"."follower_id" = ?[0m  [["follower_id", 1]]
  [1m[35m (0.3ms)[0m  [1m[34mSELECT COUNT(*) FROM "users" INNER JOIN "relationships" ON "users"."id" = "relationships"."follower_id" WHERE "relationships"."followed_id" = ?[0m  [["followed_id", 1]]
  Rendered shared/_stats.html.erb (4.0ms)
  [1m[36mUser Exists (0.4ms)[0m  [1m[34mSELECT  1 AS one FROM "users" INNER JOIN "relationships" ON "users"."id" = "relationships"."followed_id" WHERE "relationships"."follower_id" = ? AND "users"."id" = ? LIMIT ?[0m  [["follower_id", 2], ["id", 1], ["LIMIT", 1]]
  Rendered users/_follow.html.erb (2.0ms)
  Rendered users/_follow_form.html.erb (5.2ms)
  [1m[36mPost Load (0.3ms)[0m  [1m[34mSELECT "posts".* FROM "posts" WHERE "posts"."user_id" = ?[0m  [["user_id", 1]]
  [1m[36mPhoto Load (0.3ms)[0m  [1m[34mSELECT "photos".* FROM "photos" WHERE "photos"."post_id" IN (1, 3, 4)[0m
  [1m[36mLike Load (0.2ms)[0m  [1m[34mSELECT "likes".* FROM "likes" WHERE "likes"."post_id" IN (1, 3, 4) ORDER BY "likes"."created_at" DESC[0m
  [1m[36mComment Load (0.2ms)[0m  [1m[34mSELECT "comments".* FROM "comments" WHERE "comments"."post_id" IN (1, 3, 4) ORDER BY "comments"."created_at" DESC[0m
  Rendered users/_post.html.erb (7.1ms)
  Rendered users/show.html.erb within layouts/application (20.5ms)
  Rendered shared/_navbar.html.erb (0.9ms)
Completed 200 OK in 87ms (Views: 81.4ms | ActiveRecord: 2.1ms)


Started GET "/" for 127.0.0.1 at 2020-12-13 16:32:28 +0700
Processing by PostsController#index as HTML
  [1m[36mUser Load (0.2ms)[0m  [1m[34mSELECT  "users".* FROM "users" WHERE "users"."id" = ? ORDER BY "users"."id" ASC LIMIT ?[0m  [["id", 2], ["LIMIT", 1]]
  Rendering posts/index.html.erb within layouts/application
  [1m[36mPost Load (0.2ms)[0m  [1m[34mSELECT  DISTINCT "posts".* FROM "posts" INNER JOIN "users" ON "users"."id" = "posts"."user_id" INNER JOIN "relationships" ON "relationships"."followed_id" = "users"."id" INNER JOIN "users" "followers_users" ON "followers_users"."id" = "relationships"."follower_id" WHERE (relationships.follower_id = 2 or posts.user_id = 2) ORDER BY created_at desc LIMIT ? OFFSET ?[0m  [["LIMIT", 5], ["OFFSET", 0]]
  Rendered posts/_posts_list.html.erb (1.6ms)
  Rendered posts/index.html.erb within layouts/application (3.6ms)
  Rendered shared/_navbar.html.erb (0.7ms)
Completed 200 OK in 47ms (Views: 43.1ms | ActiveRecord: 0.4ms)


Started GET "/users/2" for 127.0.0.1 at 2020-12-13 16:32:31 +0700
Processing by UsersController#show as HTML
  Parameters: {"id"=>"2"}
  [1m[36mUser Load (0.3ms)[0m  [1m[34mSELECT  "users".* FROM "users" WHERE "users"."id" = ? LIMIT ?[0m  [["id", 2], ["LIMIT", 1]]
  [1m[36mUser Load (0.3ms)[0m  [1m[34mSELECT  "users".* FROM "users" WHERE "users"."id" = ? ORDER BY "users"."id" ASC LIMIT ?[0m  [["id", 2], ["LIMIT", 1]]
  Rendering users/show.html.erb within layouts/application
  [1m[35m (0.2ms)[0m  [1m[34mSELECT COUNT(*) FROM "users" INNER JOIN "relationships" ON "users"."id" = "relationships"."followed_id" WHERE "relationships"."follower_id" = ?[0m  [["follower_id", 2]]
  [1m[35m (0.1ms)[0m  [1m[34mSELECT COUNT(*) FROM "users" INNER JOIN "relationships" ON "users"."id" = "relationships"."follower_id" WHERE "relationships"."followed_id" = ?[0m  [["followed_id", 2]]
  Rendered shared/_stats.html.erb (2.4ms)
  Rendered users/_follow_form.html.erb (0.3ms)
  [1m[36mPost Load (0.1ms)[0m  [1m[34mSELECT "posts".* FROM "posts" WHERE "posts"."user_id" = ?[0m  [["user_id", 2]]
  [1m[36mPhoto Load (0.2ms)[0m  [1m[34mSELECT "photos".* FROM "photos" WHERE "photos"."post_id" IN (2, 5)[0m
  [1m[36mLike Load (0.2ms)[0m  [1m[34mSELECT "likes".* FROM "likes" WHERE "likes"."post_id" IN (2, 5) ORDER BY "likes"."created_at" DESC[0m
  [1m[36mComment Load (0.3ms)[0m  [1m[34mSELECT "comments".* FROM "comments" WHERE "comments"."post_id" IN (2, 5) ORDER BY "comments"."created_at" DESC[0m
  Rendered users/_post.html.erb (5.7ms)
  [1m[36mPost Load (0.2ms)[0m  [1m[34mSELECT "posts".* FROM "posts" INNER JOIN "bookmarks" ON "bookmarks"."post_id" = "posts"."id" WHERE (bookmarks.user_id = 2)[0m
  [1m[36mPhoto Load (0.1ms)[0m  [1m[34mSELECT "photos".* FROM "photos" WHERE "photos"."post_id" IN (4, 1)[0m
  [1m[36mLike Load (0.1ms)[0m  [1m[34mSELECT "likes".* FROM "likes" WHERE "likes"."post_id" IN (4, 1) ORDER BY "likes"."created_at" DESC[0m
  [1m[36mComment Load (0.1ms)[0m  [1m[34mSELECT "comments".* FROM "comments" WHERE "comments"."post_id" IN (4, 1) ORDER BY "comments"."created_at" DESC[0m
  Rendered users/_post.html.erb (5.5ms)
  Rendered users/show.html.erb within layouts/application (17.2ms)
  Rendered shared/_navbar.html.erb (0.7ms)
Completed 200 OK in 55ms (Views: 49.1ms | ActiveRecord: 2.3ms)


Started GET "/" for 127.0.0.1 at 2020-12-13 16:32:32 +0700
Processing by PostsController#index as HTML
  [1m[36mUser Load (0.2ms)[0m  [1m[34mSELECT  "users".* FROM "users" WHERE "users"."id" = ? ORDER BY "users"."id" ASC LIMIT ?[0m  [["id", 2], ["LIMIT", 1]]
  Rendering posts/index.html.erb within layouts/application
  [1m[36mPost Load (0.2ms)[0m  [1m[34mSELECT  DISTINCT "posts".* FROM "posts" INNER JOIN "users" ON "users"."id" = "posts"."user_id" INNER JOIN "relationships" ON "relationships"."followed_id" = "users"."id" INNER JOIN "users" "followers_users" ON "followers_users"."id" = "relationships"."follower_id" WHERE (relationships.follower_id = 2 or posts.user_id = 2) ORDER BY created_at desc LIMIT ? OFFSET ?[0m  [["LIMIT", 5], ["OFFSET", 0]]
  Rendered posts/_posts_list.html.erb (1.6ms)
  Rendered posts/index.html.erb within layouts/application (3.3ms)
  Rendered shared/_navbar.html.erb (0.8ms)
Completed 200 OK in 43ms (Views: 40.3ms | ActiveRecord: 0.4ms)


Started GET "/" for 127.0.0.1 at 2020-12-13 16:36:50 +0700
Processing by PostsController#index as HTML
  [1m[36mUser Load (0.1ms)[0m  [1m[34mSELECT  "users".* FROM "users" WHERE "users"."id" = ? ORDER BY "users"."id" ASC LIMIT ?[0m  [["id", 2], ["LIMIT", 1]]
  Rendering posts/index.html.erb within layouts/application
  [1m[36mPost Load (0.3ms)[0m  [1m[34mSELECT  "posts".* FROM "posts" WHERE (user_id IN (SELECT followed_id FROM relationships WHERE follower_id = 2) OR user_id = 2) ORDER BY created_at desc LIMIT ? OFFSET ?[0m  [["LIMIT", 5], ["OFFSET", 0]]
  [1m[36mPhoto Load (0.1ms)[0m  [1m[34mSELECT "photos".* FROM "photos" WHERE "photos"."post_id" IN (5, 2)[0m
  [1m[36mUser Load (0.1ms)[0m  [1m[34mSELECT "users".* FROM "users" WHERE "users"."id" = 2[0m
  [1m[36mLike Load (0.1ms)[0m  [1m[34mSELECT "likes".* FROM "likes" WHERE "likes"."post_id" IN (5, 2) ORDER BY "likes"."created_at" DESC[0m
  [1m[36mPost Load (0.1ms)[0m  [1m[34mSELECT  "posts".* FROM "posts" WHERE "posts"."user_id" = ? AND "posts"."id" = ? LIMIT ?[0m  [["user_id", 2], ["id", 5], ["LIMIT", 1]]
  Rendered posts/_photos.html.erb (2.4ms)
  [1m[36mLike Load (0.2ms)[0m  [1m[34mSELECT  "likes".* FROM "likes" WHERE "likes"."user_id" = ? AND "likes"."post_id" = ? LIMIT ?[0m  [["user_id", 2], ["post_id", 5], ["LIMIT", 1]]
  Rendered posts/_like_icon.html.erb (0.6ms)
  [1m[36mBookmark Load (0.1ms)[0m  [1m[34mSELECT  "bookmarks".* FROM "bookmarks" WHERE "bookmarks"."user_id" = ? AND "bookmarks"."post_id" = ? LIMIT ?[0m  [["user_id", 2], ["post_id", 5], ["LIMIT", 1]]
  Rendered posts/_bookmark_icon.html.erb (0.8ms)
  Rendered posts/_like_text.html.erb (0.5ms)
  [1m[36mComment Load (0.1ms)[0m  [1m[34mSELECT "comments".* FROM "comments" WHERE "comments"."post_id" = ? ORDER BY "comments"."created_at" DESC[0m  [["post_id", 5]]
  Rendered posts/_comment_list.html.erb (5.8ms)
  Rendered posts/_comment_form.html.erb (4.2ms)
  [1m[36mPost Load (0.1ms)[0m  [1m[34mSELECT  "posts".* FROM "posts" WHERE "posts"."user_id" = ? AND "posts"."id" = ? LIMIT ?[0m  [["user_id", 2], ["id", 2], ["LIMIT", 1]]
  Rendered posts/_photos.html.erb (1.0ms)
  [1m[36mLike Load (0.1ms)[0m  [1m[34mSELECT  "likes".* FROM "likes" WHERE "likes"."user_id" = ? AND "likes"."post_id" = ? LIMIT ?[0m  [["user_id", 2], ["post_id", 2], ["LIMIT", 1]]
  Rendered posts/_like_icon.html.erb (0.1ms)
  [1m[36mBookmark Load (0.1ms)[0m  [1m[34mSELECT  "bookmarks".* FROM "bookmarks" WHERE "bookmarks"."user_id" = ? AND "bookmarks"."post_id" = ? LIMIT ?[0m  [["user_id", 2], ["post_id", 2], ["LIMIT", 1]]
  Rendered posts/_bookmark_icon.html.erb (0.1ms)
  Rendered posts/_like_text.html.erb (0.0ms)
  [1m[36mComment Load (0.1ms)[0m  [1m[34mSELECT "comments".* FROM "comments" WHERE "comments"."post_id" = ? ORDER BY "comments"."created_at" DESC[0m  [["post_id", 2]]
  Rendered posts/_comment_list.html.erb (0.8ms)
  Rendered posts/_comment_form.html.erb (0.4ms)
  Rendered posts/_posts_list.html.erb (52.5ms)
  Rendered posts/index.html.erb within layouts/application (55.5ms)
  Rendered shared/_navbar.html.erb (0.9ms)
Completed 200 OK in 122ms (Views: 92.2ms | ActiveRecord: 4.6ms)


Started GET "/list_user" for 127.0.0.1 at 2020-12-13 16:37:13 +0700
  [1m[35m (0.1ms)[0m  [1m[34mSELECT "schema_migrations"."version" FROM "schema_migrations" ORDER BY "schema_migrations"."version" ASC[0m
Processing by UsersController#list_user as HTML
  Rendering users/list_user.html.erb within layouts/application
  [1m[36mUser Load (0.2ms)[0m  [1m[34mSELECT  "users".* FROM "users" LIMIT ? OFFSET ?[0m  [["LIMIT", 6], ["OFFSET", 0]]
  Rendered users/_user.html.erb (21.5ms)
  Rendered users/_user.html.erb (0.3ms)
  Rendered users/list_user.html.erb within layouts/application (47.4ms)
  [1m[36mUser Load (0.2ms)[0m  [1m[34mSELECT  "users".* FROM "users" WHERE "users"."id" = ? ORDER BY "users"."id" ASC LIMIT ?[0m  [["id", 2], ["LIMIT", 1]]
  Rendered shared/_navbar.html.erb (6.1ms)
Completed 200 OK in 431ms (Views: 425.2ms | ActiveRecord: 0.8ms)


Started GET "/users/1" for 127.0.0.1 at 2020-12-13 16:37:16 +0700
Processing by UsersController#show as HTML
  Parameters: {"id"=>"1"}
  [1m[36mUser Load (0.6ms)[0m  [1m[34mSELECT  "users".* FROM "users" WHERE "users"."id" = ? LIMIT ?[0m  [["id", 1], ["LIMIT", 1]]
  [1m[36mUser Load (0.1ms)[0m  [1m[34mSELECT  "users".* FROM "users" WHERE "users"."id" = ? ORDER BY "users"."id" ASC LIMIT ?[0m  [["id", 2], ["LIMIT", 1]]
  Rendering users/show.html.erb within layouts/application
  [1m[35m (0.4ms)[0m  [1m[34mSELECT COUNT(*) FROM "users" INNER JOIN "relationships" ON "users"."id" = "relationships"."followed_id" WHERE "relationships"."follower_id" = ?[0m  [["follower_id", 1]]
  [1m[35m (0.2ms)[0m  [1m[34mSELECT COUNT(*) FROM "users" INNER JOIN "relationships" ON "users"."id" = "relationships"."follower_id" WHERE "relationships"."followed_id" = ?[0m  [["followed_id", 1]]
  Rendered shared/_stats.html.erb (21.7ms)
  [1m[36mUser Exists (0.2ms)[0m  [1m[34mSELECT  1 AS one FROM "users" INNER JOIN "relationships" ON "users"."id" = "relationships"."followed_id" WHERE "relationships"."follower_id" = ? AND "users"."id" = ? LIMIT ?[0m  [["follower_id", 2], ["id", 1], ["LIMIT", 1]]
  Rendered users/_follow.html.erb (5.4ms)
  Rendered users/_follow_form.html.erb (11.1ms)
  [1m[36mPost Load (0.2ms)[0m  [1m[34mSELECT "posts".* FROM "posts" WHERE "posts"."user_id" = ?[0m  [["user_id", 1]]
  [1m[36mPhoto Load (0.2ms)[0m  [1m[34mSELECT "photos".* FROM "photos" WHERE "photos"."post_id" IN (1, 3, 4)[0m
  [1m[36mLike Load (0.1ms)[0m  [1m[34mSELECT "likes".* FROM "likes" WHERE "likes"."post_id" IN (1, 3, 4) ORDER BY "likes"."created_at" DESC[0m
  [1m[36mComment Load (0.2ms)[0m  [1m[34mSELECT "comments".* FROM "comments" WHERE "comments"."post_id" IN (1, 3, 4) ORDER BY "comments"."created_at" DESC[0m
  Rendered users/_post.html.erb (41.6ms)
  Rendered users/show.html.erb within layouts/application (79.3ms)
  Rendered shared/_navbar.html.erb (1.2ms)
Completed 200 OK in 170ms (Views: 137.8ms | ActiveRecord: 4.7ms)


Started POST "/relationships" for 127.0.0.1 at 2020-12-13 16:37:17 +0700
Processing by RelationshipsController#create as HTML
  Parameters: {"utf8"=>"✓", "authenticity_token"=>"dVtdvPRyveAY2rPNxniJznECXO0+RpH+2YQsjcVl0EUp39kGBOaSPq385bOUIw1BuYnyP3oTMIpz4MewETcW0g==", "followed_id"=>"1", "commit"=>"Follow"}
  [1m[36mUser Load (0.2ms)[0m  [1m[34mSELECT  "users".* FROM "users" WHERE "users"."id" = ? ORDER BY "users"."id" ASC LIMIT ?[0m  [["id", 2], ["LIMIT", 1]]
  [1m[36mUser Load (0.1ms)[0m  [1m[34mSELECT  "users".* FROM "users" WHERE "users"."id" = ? LIMIT ?[0m  [["id", 1], ["LIMIT", 1]]
  [1m[35m (0.0ms)[0m  [1m[36mbegin transaction[0m
  [1m[36mUser Load (0.1ms)[0m  [1m[34mSELECT  "users".* FROM "users" WHERE "users"."id" = ? LIMIT ?[0m  [["id", 2], ["LIMIT", 1]]
  [1m[35mSQL (0.5ms)[0m  [1m[32mINSERT INTO "relationships" ("follower_id", "followed_id", "created_at", "updated_at") VALUES (?, ?, ?, ?)[0m  [["follower_id", 2], ["followed_id", 1], ["created_at", "2020-12-13 09:37:17.681177"], ["updated_at", "2020-12-13 09:37:17.681177"]]
  [1m[35m (0.8ms)[0m  [1m[36mcommit transaction[0m
Redirected to http://localhost:3000/users/1
Completed 302 Found in 9ms (ActiveRecord: 1.8ms)


Started GET "/users/1" for 127.0.0.1 at 2020-12-13 16:37:17 +0700
Processing by UsersController#show as HTML
  Parameters: {"id"=>"1"}
  [1m[36mUser Load (0.1ms)[0m  [1m[34mSELECT  "users".* FROM "users" WHERE "users"."id" = ? LIMIT ?[0m  [["id", 1], ["LIMIT", 1]]
  [1m[36mUser Load (0.2ms)[0m  [1m[34mSELECT  "users".* FROM "users" WHERE "users"."id" = ? ORDER BY "users"."id" ASC LIMIT ?[0m  [["id", 2], ["LIMIT", 1]]
  Rendering users/show.html.erb within layouts/application
  [1m[35m (0.4ms)[0m  [1m[34mSELECT COUNT(*) FROM "users" INNER JOIN "relationships" ON "users"."id" = "relationships"."followed_id" WHERE "relationships"."follower_id" = ?[0m  [["follower_id", 1]]
  [1m[35m (0.2ms)[0m  [1m[34mSELECT COUNT(*) FROM "users" INNER JOIN "relationships" ON "users"."id" = "relationships"."follower_id" WHERE "relationships"."followed_id" = ?[0m  [["followed_id", 1]]
  Rendered shared/_stats.html.erb (4.2ms)
  [1m[36mUser Exists (0.2ms)[0m  [1m[34mSELECT  1 AS one FROM "users" INNER JOIN "relationships" ON "users"."id" = "relationships"."followed_id" WHERE "relationships"."follower_id" = ? AND "users"."id" = ? LIMIT ?[0m  [["follower_id", 2], ["id", 1], ["LIMIT", 1]]
  [1m[36mRelationship Load (0.2ms)[0m  [1m[34mSELECT  "relationships".* FROM "relationships" WHERE "relationships"."follower_id" = ? AND "relationships"."followed_id" = ? LIMIT ?[0m  [["follower_id", 2], ["followed_id", 1], ["LIMIT", 1]]
  Rendered users/_unfollow.html.erb (2.4ms)
  Rendered users/_follow_form.html.erb (6.5ms)
  [1m[36mPost Load (0.2ms)[0m  [1m[34mSELECT "posts".* FROM "posts" WHERE "posts"."user_id" = ?[0m  [["user_id", 1]]
  [1m[36mPhoto Load (0.2ms)[0m  [1m[34mSELECT "photos".* FROM "photos" WHERE "photos"."post_id" IN (1, 3, 4)[0m
  [1m[36mLike Load (0.2ms)[0m  [1m[34mSELECT "likes".* FROM "likes" WHERE "likes"."post_id" IN (1, 3, 4) ORDER BY "likes"."created_at" DESC[0m
  [1m[36mComment Load (0.2ms)[0m  [1m[34mSELECT "comments".* FROM "comments" WHERE "comments"."post_id" IN (1, 3, 4) ORDER BY "comments"."created_at" DESC[0m
  Rendered users/_post.html.erb (8.4ms)
  Rendered users/show.html.erb within layouts/application (23.1ms)
  Rendered shared/_navbar.html.erb (0.9ms)
Completed 200 OK in 63ms (Views: 58.8ms | ActiveRecord: 2.0ms)


Started GET "/list_user" for 127.0.0.1 at 2020-12-13 16:37:20 +0700
Processing by UsersController#list_user as HTML
  Rendering users/list_user.html.erb within layouts/application
  [1m[36mUser Load (0.2ms)[0m  [1m[34mSELECT  "users".* FROM "users" LIMIT ? OFFSET ?[0m  [["LIMIT", 6], ["OFFSET", 0]]
  Rendered users/_user.html.erb (0.6ms)
  Rendered users/_user.html.erb (0.3ms)
  Rendered users/list_user.html.erb within layouts/application (2.9ms)
  [1m[36mUser Load (0.2ms)[0m  [1m[34mSELECT  "users".* FROM "users" WHERE "users"."id" = ? ORDER BY "users"."id" ASC LIMIT ?[0m  [["id", 2], ["LIMIT", 1]]
  Rendered shared/_navbar.html.erb (0.7ms)
Completed 200 OK in 40ms (Views: 39.0ms | ActiveRecord: 0.4ms)


Started GET "/" for 127.0.0.1 at 2020-12-13 16:37:21 +0700
Processing by PostsController#index as HTML
  [1m[36mUser Load (0.2ms)[0m  [1m[34mSELECT  "users".* FROM "users" WHERE "users"."id" = ? ORDER BY "users"."id" ASC LIMIT ?[0m  [["id", 2], ["LIMIT", 1]]
  Rendering posts/index.html.erb within layouts/application
  [1m[36mPost Load (0.3ms)[0m  [1m[34mSELECT  "posts".* FROM "posts" WHERE (user_id IN (SELECT followed_id FROM relationships WHERE follower_id = 2) OR user_id = 2) ORDER BY created_at desc LIMIT ? OFFSET ?[0m  [["LIMIT", 5], ["OFFSET", 0]]
  [1m[36mPhoto Load (0.2ms)[0m  [1m[34mSELECT "photos".* FROM "photos" WHERE "photos"."post_id" IN (5, 4, 3, 2, 1)[0m
  [1m[36mUser Load (0.3ms)[0m  [1m[34mSELECT "users".* FROM "users" WHERE "users"."id" IN (2, 1)[0m
  [1m[36mLike Load (0.2ms)[0m  [1m[34mSELECT "likes".* FROM "likes" WHERE "likes"."post_id" IN (5, 4, 3, 2, 1) ORDER BY "likes"."created_at" DESC[0m
  [1m[36mPost Load (0.2ms)[0m  [1m[34mSELECT  "posts".* FROM "posts" WHERE "posts"."user_id" = ? AND "posts"."id" = ? LIMIT ?[0m  [["user_id", 2], ["id", 5], ["LIMIT", 1]]
  Rendered posts/_photos.html.erb (1.8ms)
  [1m[36mLike Load (0.2ms)[0m  [1m[34mSELECT  "likes".* FROM "likes" WHERE "likes"."user_id" = ? AND "likes"."post_id" = ? LIMIT ?[0m  [["user_id", 2], ["post_id", 5], ["LIMIT", 1]]
  Rendered posts/_like_icon.html.erb (0.5ms)
  [1m[36mBookmark Load (0.1ms)[0m  [1m[34mSELECT  "bookmarks".* FROM "bookmarks" WHERE "bookmarks"."user_id" = ? AND "bookmarks"."post_id" = ? LIMIT ?[0m  [["user_id", 2], ["post_id", 5], ["LIMIT", 1]]
  Rendered posts/_bookmark_icon.html.erb (0.7ms)
  Rendered posts/_like_text.html.erb (0.5ms)
  [1m[36mComment Load (0.2ms)[0m  [1m[34mSELECT "comments".* FROM "comments" WHERE "comments"."post_id" = ? ORDER BY "comments"."created_at" DESC[0m  [["post_id", 5]]
  Rendered posts/_comment_list.html.erb (1.7ms)
  Rendered posts/_comment_form.html.erb (8.5ms)
  [1m[36mPost Load (0.1ms)[0m  [1m[34mSELECT  "posts".* FROM "posts" WHERE "posts"."user_id" = ? AND "posts"."id" = ? LIMIT ?[0m  [["user_id", 2], ["id", 4], ["LIMIT", 1]]
  Rendered posts/_photos.html.erb (1.5ms)
  [1m[36mLike Load (0.1ms)[0m  [1m[34mSELECT  "likes".* FROM "likes" WHERE "likes"."user_id" = ? AND "likes"."post_id" = ? LIMIT ?[0m  [["user_id", 2], ["post_id", 4], ["LIMIT", 1]]
  Rendered posts/_like_icon.html.erb (0.2ms)
  [1m[36mBookmark Load (0.2ms)[0m  [1m[34mSELECT  "bookmarks".* FROM "bookmarks" WHERE "bookmarks"."user_id" = ? AND "bookmarks"."post_id" = ? LIMIT ?[0m  [["user_id", 2], ["post_id", 4], ["LIMIT", 1]]
  Rendered posts/_bookmark_icon.html.erb (0.2ms)
  Rendered posts/_like_text.html.erb (0.0ms)
  [1m[36mComment Load (0.3ms)[0m  [1m[34mSELECT "comments".* FROM "comments" WHERE "comments"."post_id" = ? ORDER BY "comments"."created_at" DESC[0m  [["post_id", 4]]
  Rendered posts/_comment_list.html.erb (1.8ms)
  Rendered posts/_comment_form.html.erb (0.4ms)
  [1m[36mPost Load (0.1ms)[0m  [1m[34mSELECT  "posts".* FROM "posts" WHERE "posts"."user_id" = ? AND "posts"."id" = ? LIMIT ?[0m  [["user_id", 2], ["id", 3], ["LIMIT", 1]]
  Rendered posts/_photos.html.erb (1.1ms)
  [1m[36mLike Load (0.1ms)[0m  [1m[34mSELECT  "likes".* FROM "likes" WHERE "likes"."user_id" = ? AND "likes"."post_id" = ? LIMIT ?[0m  [["user_id", 2], ["post_id", 3], ["LIMIT", 1]]
  Rendered posts/_like_icon.html.erb (0.1ms)
  [1m[36mBookmark Load (0.1ms)[0m  [1m[34mSELECT  "bookmarks".* FROM "bookmarks" WHERE "bookmarks"."user_id" = ? AND "bookmarks"."post_id" = ? LIMIT ?[0m  [["user_id", 2], ["post_id", 3], ["LIMIT", 1]]
  Rendered posts/_bookmark_icon.html.erb (0.1ms)
  Rendered posts/_like_text.html.erb (0.0ms)
  [1m[36mComment Load (0.2ms)[0m  [1m[34mSELECT "comments".* FROM "comments" WHERE "comments"."post_id" = ? ORDER BY "comments"."created_at" DESC[0m  [["post_id", 3]]
  Rendered posts/_comment_list.html.erb (0.9ms)
  Rendered posts/_comment_form.html.erb (0.7ms)
  [1m[36mPost Load (0.2ms)[0m  [1m[34mSELECT  "posts".* FROM "posts" WHERE "posts"."user_id" = ? AND "posts"."id" = ? LIMIT ?[0m  [["user_id", 2], ["id", 2], ["LIMIT", 1]]
  Rendered posts/_photos.html.erb (1.8ms)
  [1m[36mLike Load (0.1ms)[0m  [1m[34mSELECT  "likes".* FROM "likes" WHERE "likes"."user_id" = ? AND "likes"."post_id" = ? LIMIT ?[0m  [["user_id", 2], ["post_id", 2], ["LIMIT", 1]]
  Rendered posts/_like_icon.html.erb (0.1ms)
  [1m[36mBookmark Load (0.1ms)[0m  [1m[34mSELECT  "bookmarks".* FROM "bookmarks" WHERE "bookmarks"."user_id" = ? AND "bookmarks"."post_id" = ? LIMIT ?[0m  [["user_id", 2], ["post_id", 2], ["LIMIT", 1]]
  Rendered posts/_bookmark_icon.html.erb (0.2ms)
  Rendered posts/_like_text.html.erb (0.0ms)
  [1m[36mComment Load (0.1ms)[0m  [1m[34mSELECT "comments".* FROM "comments" WHERE "comments"."post_id" = ? ORDER BY "comments"."created_at" DESC[0m  [["post_id", 2]]
  Rendered posts/_comment_list.html.erb (0.9ms)
  Rendered posts/_comment_form.html.erb (0.4ms)
  [1m[36mPost Load (0.1ms)[0m  [1m[34mSELECT  "posts".* FROM "posts" WHERE "posts"."user_id" = ? AND "posts"."id" = ? LIMIT ?[0m  [["user_id", 2], ["id", 1], ["LIMIT", 1]]
  Rendered posts/_photos.html.erb (1.4ms)
  [1m[36mLike Load (0.1ms)[0m  [1m[34mSELECT  "likes".* FROM "likes" WHERE "likes"."user_id" = ? AND "likes"."post_id" = ? LIMIT ?[0m  [["user_id", 2], ["post_id", 1], ["LIMIT", 1]]
  Rendered posts/_like_icon.html.erb (0.2ms)
  [1m[36mBookmark Load (0.1ms)[0m  [1m[34mSELECT  "bookmarks".* FROM "bookmarks" WHERE "bookmarks"."user_id" = ? AND "bookmarks"."post_id" = ? LIMIT ?[0m  [["user_id", 2], ["post_id", 1], ["LIMIT", 1]]
  Rendered posts/_bookmark_icon.html.erb (0.2ms)
  [1m[36mUser Load (0.1ms)[0m  [1m[34mSELECT  "users".* FROM "users" WHERE "users"."id" = ? LIMIT ?[0m  [["id", 2], ["LIMIT", 1]]
  Rendered posts/_like_text.html.erb (2.2ms)
  [1m[36mComment Load (0.2ms)[0m  [1m[34mSELECT "comments".* FROM "comments" WHERE "comments"."post_id" = ? ORDER BY "comments"."created_at" DESC[0m  [["post_id", 1]]
  Rendered posts/_comment_list.html.erb (1.9ms)
  Rendered posts/_comment_form.html.erb (0.6ms)
  Rendered posts/_posts_list.html.erb (112.3ms)
  [1m[35m (0.2ms)[0m  [1m[34mSELECT COUNT(*) FROM "posts" WHERE (user_id IN (SELECT followed_id FROM relationships WHERE follower_id = 2) OR user_id = 2)[0m
  Rendered posts/index.html.erb within layouts/application (122.3ms)
  Rendered shared/_navbar.html.erb (1.2ms)
Completed 200 OK in 172ms (Views: 163.8ms | ActiveRecord: 5.2ms)


